{"timestamp":"2025-11-12T12:34:38.690Z","level":"INFO","message":"Attempting to connect to MongoDB","uri":"URI provided"}
{"timestamp":"2025-11-12T12:34:38.866Z","level":"INFO","message":"Initializing Email Service","host":"smtp.gmail.com","port":587,"secure":false,"environment":"development","user":"Configured"}
{"timestamp":"2025-11-12T12:34:40.288Z","level":"INFO","message":"MongoDB Connected Successfully","host":"ac-tcrbnhx-shard-00-00.igezekd.mongodb.net","database":"academic_management","port":27017}
{"timestamp":"2025-11-12T12:34:40.290Z","level":"INFO","message":"Checking for Master Admin user"}
{"timestamp":"2025-11-12T12:34:40.904Z","level":"INFO","message":"Master Admin already exists","email":"c***@gmail.com","hasLoggedIn":true}
{"timestamp":"2025-11-12T12:34:41.218Z","level":"INFO","message":"✓ Email service connection verified successfully"}
{"timestamp":"2025-11-12T12:35:02.127Z","level":"INFO","message":"Login attempt","email":"r***@gmail.com"}
{"timestamp":"2025-11-12T12:35:02.508Z","level":"INFO","message":"Authentication Event","event":"LOGIN_SUCCESS","userId":"68e38b6572b22843edea0924","userRole":"student","ip":"::1","userEmail":"r***@gmail.com"}
{"timestamp":"2025-11-12T12:35:02.515Z","level":"INFO","message":"Login successful","userId":"68e38b6572b22843edea0924","email":"r***@gmail.com","role":"student"}
{"timestamp":"2025-11-12T12:38:53.362Z","level":"INFO","message":"Attempting to connect to MongoDB","uri":"URI provided"}
{"timestamp":"2025-11-12T12:38:53.444Z","level":"INFO","message":"Initializing Email Service","host":"smtp.gmail.com","port":587,"secure":false,"environment":"development","user":"Configured"}
{"timestamp":"2025-11-12T12:38:53.882Z","level":"INFO","message":"Login attempt","email":"c***@gmail.com"}
{"timestamp":"2025-11-12T12:38:54.448Z","level":"INFO","message":"MongoDB Connected Successfully","host":"ac-tcrbnhx-shard-00-00.igezekd.mongodb.net","database":"academic_management","port":27017}
{"timestamp":"2025-11-12T12:38:54.450Z","level":"INFO","message":"Checking for Master Admin user"}
{"timestamp":"2025-11-12T12:38:55.097Z","level":"INFO","message":"Master Admin already exists","email":"c***@gmail.com","hasLoggedIn":true}
{"timestamp":"2025-11-12T12:38:55.189Z","level":"INFO","message":"✓ Email service connection verified successfully"}
{"timestamp":"2025-11-12T12:38:55.337Z","level":"INFO","message":"Authentication Event","event":"LOGIN_SUCCESS","userId":"68e353c534d8884ad5c59fad","userRole":"master_admin","ip":"::ffff:127.0.0.1","userEmail":"c***@gmail.com"}
{"timestamp":"2025-11-12T12:38:55.341Z","level":"INFO","message":"Login successful","userId":"68e353c534d8884ad5c59fad","email":"c***@gmail.com","role":"master_admin"}
{"timestamp":"2025-11-12T12:38:55.881Z","level":"INFO","message":"Login attempt","email":"c***@gmail.com"}
{"timestamp":"2025-11-12T12:38:56.242Z","level":"INFO","message":"Authentication Event","event":"LOGIN_SUCCESS","userId":"68e353c534d8884ad5c59fad","userRole":"master_admin","ip":"::ffff:127.0.0.1","userEmail":"c***@gmail.com"}
{"timestamp":"2025-11-12T12:38:56.244Z","level":"INFO","message":"Login successful","userId":"68e353c534d8884ad5c59fad","email":"c***@gmail.com","role":"master_admin"}
{"timestamp":"2025-11-12T12:38:56.286Z","level":"INFO","message":"Fetching dashboard analytics","userId":"68e353c534d8884ad5c59fad"}
{"timestamp":"2025-11-12T12:38:57.226Z","level":"INFO","message":"Dashboard analytics fetched successfully","totalColleges":3,"totalStudents":12,"activeExams":4,"recentActivityCount":10}
{"timestamp":"2025-11-12T12:38:57.430Z","level":"INFO","message":"Login attempt","email":"c***@gmail.com"}
{"timestamp":"2025-11-12T12:38:57.778Z","level":"INFO","message":"Authentication Event","event":"LOGIN_SUCCESS","userId":"68e353c534d8884ad5c59fad","userRole":"master_admin","ip":"::ffff:127.0.0.1","userEmail":"c***@gmail.com"}
{"timestamp":"2025-11-12T12:38:57.780Z","level":"INFO","message":"Login successful","userId":"68e353c534d8884ad5c59fad","email":"c***@gmail.com","role":"master_admin"}
{"timestamp":"2025-11-12T12:38:58.030Z","level":"INFO","message":"Login attempt","email":"c***@gmail.com"}
{"timestamp":"2025-11-12T12:38:58.386Z","level":"INFO","message":"Authentication Event","event":"LOGIN_SUCCESS","userId":"68e353c534d8884ad5c59fad","userRole":"master_admin","ip":"::ffff:127.0.0.1","userEmail":"c***@gmail.com"}
{"timestamp":"2025-11-12T12:38:58.388Z","level":"INFO","message":"Login successful","userId":"68e353c534d8884ad5c59fad","email":"c***@gmail.com","role":"master_admin"}
{"timestamp":"2025-11-12T12:38:59.230Z","level":"INFO","message":"Login attempt","email":"c***@gmail.com"}
{"timestamp":"2025-11-12T12:38:59.594Z","level":"INFO","message":"Authentication Event","event":"LOGIN_SUCCESS","userId":"68e353c534d8884ad5c59fad","userRole":"master_admin","ip":"::ffff:127.0.0.1","userEmail":"c***@gmail.com"}
{"timestamp":"2025-11-12T12:38:59.596Z","level":"INFO","message":"Login successful","userId":"68e353c534d8884ad5c59fad","email":"c***@gmail.com","role":"master_admin"}
{"timestamp":"2025-11-12T12:38:59.837Z","level":"INFO","message":"Sending notification email","title":"Integration Test Notification","type":"general","priority":"medium","to":"s***@gmail.com"}
{"timestamp":"2025-11-12T12:38:59.979Z","level":"INFO","message":"Login attempt","email":"c***@gmail.com"}
{"timestamp":"2025-11-12T12:39:00.349Z","level":"INFO","message":"Authentication Event","event":"LOGIN_SUCCESS","userId":"68e353c534d8884ad5c59fad","userRole":"master_admin","ip":"::ffff:127.0.0.1","userEmail":"c***@gmail.com"}
{"timestamp":"2025-11-12T12:39:00.351Z","level":"INFO","message":"Login successful","userId":"68e353c534d8884ad5c59fad","email":"c***@gmail.com","role":"master_admin"}
{"timestamp":"2025-11-12T12:39:00.487Z","level":"INFO","message":"Login attempt","email":"c***@gmail.com"}
{"timestamp":"2025-11-12T12:39:00.865Z","level":"INFO","message":"Authentication Event","event":"LOGIN_SUCCESS","userId":"68e353c534d8884ad5c59fad","userRole":"master_admin","ip":"::ffff:127.0.0.1","userEmail":"c***@gmail.com"}
{"timestamp":"2025-11-12T12:39:00.868Z","level":"INFO","message":"Login successful","userId":"68e353c534d8884ad5c59fad","email":"c***@gmail.com","role":"master_admin"}
{"timestamp":"2025-11-12T12:39:30.194Z","level":"INFO","message":"Attempting to connect to MongoDB","uri":"URI provided"}
{"timestamp":"2025-11-12T12:39:30.300Z","level":"INFO","message":"Initializing Email Service","host":"smtp.gmail.com","port":587,"secure":false,"environment":"development","user":"Configured"}
{"timestamp":"2025-11-12T12:39:31.278Z","level":"INFO","message":"MongoDB Connected Successfully","host":"ac-tcrbnhx-shard-00-00.igezekd.mongodb.net","database":"academic_management","port":27017}
{"timestamp":"2025-11-12T12:39:31.280Z","level":"INFO","message":"Checking for Master Admin user"}
{"timestamp":"2025-11-12T12:39:31.679Z","level":"INFO","message":"Master Admin already exists","email":"c***@gmail.com","hasLoggedIn":true}
{"timestamp":"2025-11-12T12:39:32.009Z","level":"INFO","message":"✓ Email service connection verified successfully"}
{"timestamp":"2025-11-12T12:39:35.802Z","level":"INFO","message":"Get current user request","userId":"68e38b6572b22843edea0924"}
{"timestamp":"2025-11-12T12:39:35.990Z","level":"INFO","message":"Get current user request","userId":"68e38b6572b22843edea0924"}
{"timestamp":"2025-11-12T12:46:40.173Z","level":"INFO","message":"Attempting to connect to MongoDB","uri":"URI provided"}
{"timestamp":"2025-11-12T12:46:40.284Z","level":"INFO","message":"Initializing Email Service","host":"smtp.gmail.com","port":587,"secure":false,"environment":"development","user":"Configured"}
{"timestamp":"2025-11-12T12:47:09.450Z","level":"INFO","message":"Attempting to connect to MongoDB","uri":"URI provided"}
{"timestamp":"2025-11-12T12:47:09.566Z","level":"INFO","message":"Initializing Email Service","host":"smtp.gmail.com","port":587,"secure":false,"environment":"development","user":"Configured"}
{"timestamp":"2025-11-12T12:47:10.491Z","level":"INFO","message":"MongoDB Connected Successfully","host":"ac-tcrbnhx-shard-00-00.igezekd.mongodb.net","database":"academic_management","port":27017}
{"timestamp":"2025-11-12T12:47:10.493Z","level":"INFO","message":"Checking for Master Admin user"}
{"timestamp":"2025-11-12T12:47:10.907Z","level":"INFO","message":"Master Admin already exists","email":"c***@gmail.com","hasLoggedIn":true}
{"timestamp":"2025-11-12T12:47:11.263Z","level":"INFO","message":"✓ Email service connection verified successfully"}
{"timestamp":"2025-11-12T12:48:16.321Z","level":"INFO","message":"Attempting to connect to MongoDB","uri":"URI provided"}
{"timestamp":"2025-11-12T12:48:16.426Z","level":"INFO","message":"Initializing Email Service","host":"smtp.gmail.com","port":587,"secure":false,"environment":"development","user":"Configured"}
{"timestamp":"2025-11-12T12:48:17.419Z","level":"INFO","message":"MongoDB Connected Successfully","host":"ac-tcrbnhx-shard-00-00.igezekd.mongodb.net","database":"academic_management","port":27017}
{"timestamp":"2025-11-12T12:48:17.421Z","level":"INFO","message":"Checking for Master Admin user"}
{"timestamp":"2025-11-12T12:48:17.831Z","level":"INFO","message":"Master Admin already exists","email":"c***@gmail.com","hasLoggedIn":true}
{"timestamp":"2025-11-12T12:48:18.126Z","level":"INFO","message":"✓ Email service connection verified successfully"}
{"timestamp":"2025-11-12T12:49:47.775Z","level":"INFO","message":"Attempting to connect to MongoDB","uri":"URI provided"}
{"timestamp":"2025-11-12T12:49:47.884Z","level":"INFO","message":"Initializing Email Service","host":"smtp.gmail.com","port":587,"secure":false,"environment":"development","user":"Configured"}
{"timestamp":"2025-11-12T12:49:48.878Z","level":"INFO","message":"MongoDB Connected Successfully","host":"ac-tcrbnhx-shard-00-00.igezekd.mongodb.net","database":"academic_management","port":27017}
{"timestamp":"2025-11-12T12:49:48.880Z","level":"INFO","message":"Checking for Master Admin user"}
{"timestamp":"2025-11-12T12:49:49.292Z","level":"INFO","message":"Master Admin already exists","email":"c***@gmail.com","hasLoggedIn":true}
{"timestamp":"2025-11-12T12:49:49.876Z","level":"INFO","message":"✓ Email service connection verified successfully"}
{"timestamp":"2025-11-12T12:50:12.172Z","level":"INFO","message":"Get current user request","userId":"68e38b6572b22843edea0924"}
{"timestamp":"2025-11-12T12:50:12.309Z","level":"INFO","message":"Get current user request","userId":"68e38b6572b22843edea0924"}
{"timestamp":"2025-11-12T12:55:17.349Z","level":"WARN","message":"Authentication failed - invalid token","error":"invalid signature","ip":"::1"}
{"timestamp":"2025-11-12T12:56:01.254Z","level":"INFO","message":"Get current user request","userId":"68e38b6572b22843edea0924"}
{"timestamp":"2025-11-12T12:56:01.399Z","level":"INFO","message":"Get current user request","userId":"68e38b6572b22843edea0924"}
{"timestamp":"2025-11-12T13:03:48.947Z","level":"INFO","message":"Attempting to connect to MongoDB","uri":"URI provided"}
{"timestamp":"2025-11-12T13:03:49.123Z","level":"INFO","message":"Initializing Email Service","host":"smtp.gmail.com","port":587,"secure":false,"environment":"development","user":"Configured"}
{"timestamp":"2025-11-12T13:03:50.785Z","level":"INFO","message":"MongoDB Connected Successfully","host":"ac-tcrbnhx-shard-00-00.igezekd.mongodb.net","database":"academic_management","port":27017}
{"timestamp":"2025-11-12T13:03:50.792Z","level":"INFO","message":"Checking for Master Admin user"}
{"timestamp":"2025-11-12T13:03:51.363Z","level":"INFO","message":"Master Admin already exists","email":"c***@gmail.com","hasLoggedIn":true}
{"timestamp":"2025-11-12T13:03:51.478Z","level":"INFO","message":"✓ Email service connection verified successfully"}
{"timestamp":"2025-11-12T13:03:56.438Z","level":"INFO","message":"Get current user request","userId":"68e38b6572b22843edea0924"}
{"timestamp":"2025-11-12T13:03:56.699Z","level":"INFO","message":"Get current user request","userId":"68e38b6572b22843edea0924"}
{"timestamp":"2025-11-12T13:08:26.440Z","level":"INFO","message":"Scoring details","questionId":"68ff98ce3a1c11c13cb4729e","testCasesCount":1,"testCasesPassed":1,"totalWeight":10,"earnedWeight":10,"score":100}
{"timestamp":"2025-11-12T13:11:16.949Z","level":"INFO","message":"Scoring details","questionId":"68faf29a3fbaadfa4d0538b3","testCasesCount":3,"testCasesPassed":2,"totalWeight":30,"earnedWeight":20,"score":67}
{"timestamp":"2025-11-12T13:18:32.601Z","level":"INFO","message":"Get current user request","userId":"68e38b6572b22843edea0924"}
{"timestamp":"2025-11-12T13:18:32.952Z","level":"INFO","message":"Get current user request","userId":"68e38b6572b22843edea0924"}
{"timestamp":"2025-11-12T13:18:44.068Z","level":"INFO","message":"Get current user request","userId":"68e38b6572b22843edea0924"}
{"timestamp":"2025-11-12T13:18:44.202Z","level":"INFO","message":"Get current user request","userId":"68e38b6572b22843edea0924"}
{"timestamp":"2025-11-12T13:18:50.624Z","level":"INFO","message":"Get current user request","userId":"68e38b6572b22843edea0924"}
{"timestamp":"2025-11-12T13:18:50.749Z","level":"INFO","message":"Get current user request","userId":"68e38b6572b22843edea0924"}
{"timestamp":"2025-11-12T13:19:56.180Z","level":"INFO","message":"Get current user request","userId":"68e38b6572b22843edea0924"}
{"timestamp":"2025-11-12T13:19:56.320Z","level":"INFO","message":"Get current user request","userId":"68e38b6572b22843edea0924"}
{"timestamp":"2025-11-12T13:20:14.619Z","level":"INFO","message":"Login attempt","email":"r***@gmail.com"}
{"timestamp":"2025-11-12T13:20:15.246Z","level":"INFO","message":"Authentication Event","event":"LOGIN_SUCCESS","userId":"68e38b6572b22843edea0924","userRole":"student","ip":"::1","userEmail":"r***@gmail.com"}
{"timestamp":"2025-11-12T13:20:15.260Z","level":"INFO","message":"Login successful","userId":"68e38b6572b22843edea0924","email":"r***@gmail.com","role":"student"}
{"timestamp":"2025-11-12T13:21:45.317Z","level":"INFO","message":"Get current user request","userId":"68e38b6572b22843edea0924"}
{"timestamp":"2025-11-12T13:21:45.435Z","level":"INFO","message":"Get current user request","userId":"68e38b6572b22843edea0924"}
{"timestamp":"2025-11-12T13:21:49.480Z","level":"INFO","message":"Get current user request","userId":"68e38b6572b22843edea0924"}
{"timestamp":"2025-11-12T13:21:49.598Z","level":"INFO","message":"Get current user request","userId":"68e38b6572b22843edea0924"}
{"timestamp":"2025-11-12T13:21:55.880Z","level":"INFO","message":"Get current user request","userId":"68e38b6572b22843edea0924"}
{"timestamp":"2025-11-12T13:21:55.999Z","level":"INFO","message":"Get current user request","userId":"68e38b6572b22843edea0924"}
{"timestamp":"2025-11-12T13:21:59.648Z","level":"INFO","message":"Get current user request","userId":"68e38b6572b22843edea0924"}
{"timestamp":"2025-11-12T13:21:59.769Z","level":"INFO","message":"Get current user request","userId":"68e38b6572b22843edea0924"}
{"timestamp":"2025-11-12T13:22:49.433Z","level":"INFO","message":"Get current user request","userId":"68e38b6572b22843edea0924"}
{"timestamp":"2025-11-12T13:22:49.604Z","level":"INFO","message":"Get current user request","userId":"68e38b6572b22843edea0924"}
{"timestamp":"2025-11-12T13:23:01.784Z","level":"INFO","message":"Get current user request","userId":"68e38b6572b22843edea0924"}
{"timestamp":"2025-11-12T13:23:01.944Z","level":"INFO","message":"Get current user request","userId":"68e38b6572b22843edea0924"}
{"timestamp":"2025-11-12T13:23:15.199Z","level":"INFO","message":"Get current user request","userId":"68e38b6572b22843edea0924"}
{"timestamp":"2025-11-12T13:23:15.373Z","level":"INFO","message":"Get current user request","userId":"68e38b6572b22843edea0924"}
{"timestamp":"2025-11-12T14:27:15.645Z","level":"ERROR","message":"getaddrinfo ENOTFOUND ac-tcrbnhx-shard-00-00.igezekd.mongodb.net","stack":"MongoServerSelectionError: getaddrinfo ENOTFOUND ac-tcrbnhx-shard-00-00.igezekd.mongodb.net\n    at Timeout._onTimeout (C:\\Users\\win\\Downloads\\techex-main\\techex-main\\server\\node_modules\\mongodb\\lib\\sdam\\topology.js:278:38)\n    at listOnTimeout (node:internal/timers:594:17)\n    at process.processTimers (node:internal/timers:529:7)","name":"MongoServerSelectionError","context":"Failed to emit active counts"}
{"timestamp":"2025-11-12T14:27:26.595Z","level":"INFO","message":"Get current user request","userId":"68e38b6572b22843edea0924"}
{"timestamp":"2025-11-12T14:27:27.133Z","level":"INFO","message":"Get current user request","userId":"68e38b6572b22843edea0924"}
{"timestamp":"2025-11-12T15:28:41.839Z","level":"INFO","message":"Attempting to connect to MongoDB","uri":"URI provided"}
{"timestamp":"2025-11-12T15:28:41.990Z","level":"INFO","message":"Initializing Email Service","host":"smtp.gmail.com","port":587,"secure":false,"environment":"development","user":"Configured"}
{"timestamp":"2025-11-12T15:28:43.085Z","level":"INFO","message":"MongoDB Connected Successfully","host":"ac-tcrbnhx-shard-00-00.igezekd.mongodb.net","database":"academic_management","port":27017}
{"timestamp":"2025-11-12T15:28:43.087Z","level":"INFO","message":"Checking for Master Admin user"}
{"timestamp":"2025-11-12T15:28:43.552Z","level":"INFO","message":"Master Admin already exists","email":"c***@gmail.com","hasLoggedIn":true}
{"timestamp":"2025-11-12T15:28:44.069Z","level":"INFO","message":"✓ Email service connection verified successfully"}
{"timestamp":"2025-11-12T15:29:02.176Z","level":"INFO","message":"Get current user request","userId":"68e38b6572b22843edea0924"}
{"timestamp":"2025-11-12T15:29:02.324Z","level":"INFO","message":"Get current user request","userId":"68e38b6572b22843edea0924"}
{"timestamp":"2025-11-12T15:30:47.943Z","level":"INFO","message":"Scoring details","questionId":"68faf29a3fbaadfa4d0538b3","testCasesCount":3,"testCasesPassed":2,"totalWeight":30,"earnedWeight":20,"score":67}
{"timestamp":"2025-11-12T15:31:25.933Z","level":"INFO","message":"Scoring details","questionId":"68ff98ce3a1c11c13cb4729e","testCasesCount":1,"testCasesPassed":1,"totalWeight":10,"earnedWeight":10,"score":100}
{"timestamp":"2025-11-12T15:41:37.213Z","level":"INFO","message":"Get current user request","userId":"68e38b6572b22843edea0924"}
{"timestamp":"2025-11-12T15:41:37.458Z","level":"INFO","message":"Get current user request","userId":"68e38b6572b22843edea0924"}
{"timestamp":"2025-11-12T15:43:34.008Z","level":"INFO","message":"Scoring details","questionId":"68ff98ce3a1c11c13cb4729e","testCasesCount":1,"testCasesPassed":1,"totalWeight":10,"earnedWeight":10,"score":100}
{"timestamp":"2025-11-12T15:44:04.755Z","level":"INFO","message":"Scoring details","questionId":"68faf29a3fbaadfa4d0538b3","testCasesCount":3,"testCasesPassed":2,"totalWeight":30,"earnedWeight":20,"score":67}
