{"timestamp":"2025-11-19T19:44:24.897Z","level":"INFO","message":"Attempting to connect to MongoDB","uri":"URI provided"}
{"timestamp":"2025-11-19T19:44:25.014Z","level":"INFO","message":"Initializing Email Service","host":"smtp.zoho.com","port":587,"secure":false,"environment":"development","user":"Configured"}
{"timestamp":"2025-11-19T19:44:26.105Z","level":"INFO","message":"MongoDB Connected Successfully","host":"ac-tcrbnhx-shard-00-00.igezekd.mongodb.net","database":"plantechx_management","port":27017}
{"timestamp":"2025-11-19T19:44:26.107Z","level":"INFO","message":"Checking for Master Admin user"}
{"timestamp":"2025-11-19T19:44:26.515Z","level":"INFO","message":"Creating Master Admin user"}
{"timestamp":"2025-11-19T19:44:26.950Z","level":"INFO","message":"Master Admin Created Successfully","email":"m***@plantechx.in","hasDefaultPassword":true}
{"timestamp":"2025-11-19T19:49:28.831Z","level":"INFO","message":"Login attempt","email":"m***@plantechx.in"}
{"timestamp":"2025-11-19T19:49:29.536Z","level":"INFO","message":"Authentication Event","event":"LOGIN_SUCCESS","userId":"691e1e1a34135654852f7670","userRole":"master_admin","ip":"127.0.0.1","userEmail":"m***@plantechx.in"}
{"timestamp":"2025-11-19T19:49:29.546Z","level":"INFO","message":"Login successful","userId":"691e1e1a34135654852f7670","email":"m***@plantechx.in","role":"master_admin"}
{"timestamp":"2025-11-19T19:49:29.818Z","level":"INFO","message":"Fetching dashboard analytics","userId":"691e1e1a34135654852f7670"}
{"timestamp":"2025-11-19T19:49:30.811Z","level":"INFO","message":"Dashboard analytics fetched successfully","totalColleges":0,"totalStudents":0,"activeExams":0,"recentActivityCount":0}
{"timestamp":"2025-11-19T19:49:30.853Z","level":"INFO","message":"Fetching dashboard analytics","userId":"691e1e1a34135654852f7670"}
{"timestamp":"2025-11-19T19:49:31.835Z","level":"INFO","message":"Dashboard analytics fetched successfully","totalColleges":0,"totalStudents":0,"activeExams":0,"recentActivityCount":0}
{"timestamp":"2025-11-19T19:56:45.761Z","level":"INFO","message":"Attempting to connect to MongoDB","uri":"URI provided"}
{"timestamp":"2025-11-19T19:56:45.886Z","level":"INFO","message":"Initializing Email Service","host":"smtp.zoho.com","port":587,"secure":false,"environment":"development","user":"Configured"}
{"timestamp":"2025-11-19T19:56:46.973Z","level":"INFO","message":"MongoDB Connected Successfully","host":"ac-tcrbnhx-shard-00-00.igezekd.mongodb.net","database":"plantechx_management","port":27017}
{"timestamp":"2025-11-19T19:56:46.975Z","level":"INFO","message":"Checking for Master Admin user"}
{"timestamp":"2025-11-19T19:56:47.348Z","level":"INFO","message":"Master Admin already exists","email":"m***@plantechx.in","hasLoggedIn":true}
{"timestamp":"2025-11-19T19:56:52.410Z","level":"INFO","message":"Login attempt","email":"m***@plantechx.in"}
{"timestamp":"2025-11-19T19:56:52.976Z","level":"INFO","message":"Authentication Event","event":"LOGIN_SUCCESS","userId":"691e1e1a34135654852f7670","userRole":"master_admin","ip":"127.0.0.1","userEmail":"m***@plantechx.in"}
{"timestamp":"2025-11-19T19:56:52.986Z","level":"INFO","message":"Login successful","userId":"691e1e1a34135654852f7670","email":"m***@plantechx.in","role":"master_admin"}
{"timestamp":"2025-11-19T19:56:53.223Z","level":"INFO","message":"Fetching dashboard analytics","userId":"691e1e1a34135654852f7670"}
{"timestamp":"2025-11-19T19:56:54.037Z","level":"INFO","message":"Dashboard analytics fetched successfully","totalColleges":0,"totalStudents":0,"activeExams":0,"recentActivityCount":0}
{"timestamp":"2025-11-19T19:56:54.076Z","level":"INFO","message":"Fetching dashboard analytics","userId":"691e1e1a34135654852f7670"}
{"timestamp":"2025-11-19T19:56:54.875Z","level":"INFO","message":"Dashboard analytics fetched successfully","totalColleges":0,"totalStudents":0,"activeExams":0,"recentActivityCount":0}
{"timestamp":"2025-11-19T19:57:06.901Z","level":"INFO","message":"Get current user request","userId":"691e1e1a34135654852f7670"}
{"timestamp":"2025-11-19T19:57:06.979Z","level":"INFO","message":"Get current user request","userId":"691e1e1a34135654852f7670"}
{"timestamp":"2025-11-19T19:57:07.313Z","level":"INFO","message":"Fetching dashboard analytics","userId":"691e1e1a34135654852f7670"}
{"timestamp":"2025-11-19T19:57:08.284Z","level":"INFO","message":"Dashboard analytics fetched successfully","totalColleges":0,"totalStudents":0,"activeExams":0,"recentActivityCount":0}
{"timestamp":"2025-11-19T19:57:08.323Z","level":"INFO","message":"Fetching dashboard analytics","userId":"691e1e1a34135654852f7670"}
{"timestamp":"2025-11-19T19:57:09.292Z","level":"INFO","message":"Dashboard analytics fetched successfully","totalColleges":0,"totalStudents":0,"activeExams":0,"recentActivityCount":0}
{"timestamp":"2025-11-19T19:58:28.943Z","level":"INFO","message":"Attempting to connect to MongoDB","uri":"URI provided"}
{"timestamp":"2025-11-19T19:58:29.045Z","level":"INFO","message":"Initializing Email Service","host":"smtp.zoho.com","port":587,"secure":false,"environment":"development","user":"Configured"}
{"timestamp":"2025-11-19T19:58:30.027Z","level":"INFO","message":"MongoDB Connected Successfully","host":"ac-tcrbnhx-shard-00-00.igezekd.mongodb.net","database":"plantechx_management","port":27017}
{"timestamp":"2025-11-19T19:58:30.029Z","level":"INFO","message":"Checking for Master Admin user"}
{"timestamp":"2025-11-19T19:58:30.405Z","level":"INFO","message":"Master Admin already exists","email":"m***@plantechx.in","hasLoggedIn":true}
{"timestamp":"2025-11-19T19:58:35.357Z","level":"INFO","message":"Get current user request","userId":"691e1e1a34135654852f7670"}
{"timestamp":"2025-11-19T19:58:35.454Z","level":"INFO","message":"Get current user request","userId":"691e1e1a34135654852f7670"}
{"timestamp":"2025-11-19T19:58:35.782Z","level":"INFO","message":"Fetching dashboard analytics","userId":"691e1e1a34135654852f7670"}
{"timestamp":"2025-11-19T19:58:36.784Z","level":"INFO","message":"Dashboard analytics fetched successfully","totalColleges":0,"totalStudents":0,"activeExams":0,"recentActivityCount":0}
{"timestamp":"2025-11-19T19:58:36.825Z","level":"INFO","message":"Fetching dashboard analytics","userId":"691e1e1a34135654852f7670"}
{"timestamp":"2025-11-19T19:58:37.825Z","level":"INFO","message":"Dashboard analytics fetched successfully","totalColleges":0,"totalStudents":0,"activeExams":0,"recentActivityCount":0}
{"timestamp":"2025-11-19T19:59:02.431Z","level":"INFO","message":"Attempting to connect to MongoDB","uri":"URI provided"}
{"timestamp":"2025-11-19T19:59:02.541Z","level":"INFO","message":"Initializing Email Service","host":"smtp.zoho.com","port":587,"secure":false,"environment":"development","user":"Configured"}
{"timestamp":"2025-11-19T19:59:03.438Z","level":"INFO","message":"MongoDB Connected Successfully","host":"ac-tcrbnhx-shard-00-00.igezekd.mongodb.net","database":"academic_management","port":27017}
{"timestamp":"2025-11-19T19:59:03.440Z","level":"INFO","message":"Checking for Master Admin user"}
{"timestamp":"2025-11-19T19:59:03.849Z","level":"INFO","message":"Master Admin already exists","email":"m***@plantechx.in","hasLoggedIn":true}
{"timestamp":"2025-11-19T19:59:12.522Z","level":"INFO","message":"Login attempt","email":"m***@plantechx.in"}
{"timestamp":"2025-11-19T19:59:13.079Z","level":"INFO","message":"Authentication Event","event":"LOGIN_SUCCESS","userId":"68e353c534d8884ad5c59fad","userRole":"master_admin","ip":"127.0.0.1","userEmail":"m***@plantechx.in"}
{"timestamp":"2025-11-19T19:59:13.086Z","level":"INFO","message":"Login successful","userId":"68e353c534d8884ad5c59fad","email":"m***@plantechx.in","role":"master_admin"}
{"timestamp":"2025-11-19T19:59:13.468Z","level":"INFO","message":"Fetching dashboard analytics","userId":"68e353c534d8884ad5c59fad"}
{"timestamp":"2025-11-19T19:59:14.516Z","level":"INFO","message":"Dashboard analytics fetched successfully","totalColleges":3,"totalStudents":12,"activeExams":0,"recentActivityCount":10}
{"timestamp":"2025-11-19T19:59:14.557Z","level":"INFO","message":"Fetching dashboard analytics","userId":"68e353c534d8884ad5c59fad"}
{"timestamp":"2025-11-19T19:59:15.587Z","level":"INFO","message":"Dashboard analytics fetched successfully","totalColleges":3,"totalStudents":12,"activeExams":0,"recentActivityCount":10}
{"timestamp":"2025-11-20T09:44:23.322Z","level":"INFO","message":"Attempting to connect to MongoDB","uri":"URI provided"}
{"timestamp":"2025-11-20T09:44:23.589Z","level":"INFO","message":"Initializing Email Service","host":"smtp.zoho.com","port":587,"secure":false,"environment":"development","user":"Configured"}
{"timestamp":"2025-11-20T09:44:33.940Z","level":"INFO","message":"Attempting to connect to MongoDB","uri":"URI provided"}
{"timestamp":"2025-11-20T09:44:34.128Z","level":"INFO","message":"Initializing Email Service","host":"smtp.zoho.com","port":587,"secure":false,"environment":"development","user":"Configured"}
{"timestamp":"2025-11-20T09:46:11.483Z","level":"INFO","message":"Attempting to connect to MongoDB","uri":"URI provided"}
{"timestamp":"2025-11-20T09:46:11.707Z","level":"INFO","message":"Initializing Email Service","host":"smtp.zoho.com","port":587,"secure":false,"environment":"development","user":"Configured"}
{"timestamp":"2025-11-20T09:46:13.200Z","level":"INFO","message":"MongoDB Connected Successfully","host":"ac-tcrbnhx-shard-00-00.igezekd.mongodb.net","database":"academic_management","port":27017}
{"timestamp":"2025-11-20T09:46:13.203Z","level":"INFO","message":"Checking for Master Admin user"}
{"timestamp":"2025-11-20T09:46:13.634Z","level":"INFO","message":"Master Admin already exists","email":"m***@plantechx.in","hasLoggedIn":true}
{"timestamp":"2025-11-20T09:46:48.663Z","level":"INFO","message":"Login attempt","email":"m***@plantechx.in"}
{"timestamp":"2025-11-20T09:46:50.154Z","level":"INFO","message":"Authentication Event","event":"LOGIN_SUCCESS","userId":"68e353c534d8884ad5c59fad","userRole":"master_admin","ip":"127.0.0.1","userEmail":"m***@plantechx.in"}
{"timestamp":"2025-11-20T09:46:50.171Z","level":"INFO","message":"Login successful","userId":"68e353c534d8884ad5c59fad","email":"m***@plantechx.in","role":"master_admin"}
{"timestamp":"2025-11-20T09:46:50.640Z","level":"INFO","message":"Fetching dashboard analytics","userId":"68e353c534d8884ad5c59fad"}
{"timestamp":"2025-11-20T09:46:52.095Z","level":"INFO","message":"Dashboard analytics fetched successfully","totalColleges":4,"totalStudents":12,"activeExams":0,"recentActivityCount":10}
{"timestamp":"2025-11-20T09:46:52.153Z","level":"INFO","message":"Fetching dashboard analytics","userId":"68e353c534d8884ad5c59fad"}
{"timestamp":"2025-11-20T09:46:53.441Z","level":"INFO","message":"Dashboard analytics fetched successfully","totalColleges":4,"totalStudents":12,"activeExams":0,"recentActivityCount":10}
{"timestamp":"2025-11-20T09:46:53.495Z","level":"INFO","message":"Fetching dashboard analytics","userId":"68e353c534d8884ad5c59fad"}
{"timestamp":"2025-11-20T09:46:54.976Z","level":"INFO","message":"Dashboard analytics fetched successfully","totalColleges":4,"totalStudents":12,"activeExams":0,"recentActivityCount":10}
{"timestamp":"2025-11-20T09:52:04.232Z","level":"INFO","message":"Get current user request","userId":"68e353c534d8884ad5c59fad"}
{"timestamp":"2025-11-20T09:52:04.324Z","level":"INFO","message":"Get current user request","userId":"68e353c534d8884ad5c59fad"}
{"timestamp":"2025-11-20T09:52:05.300Z","level":"INFO","message":"Fetching dashboard analytics","userId":"68e353c534d8884ad5c59fad"}
{"timestamp":"2025-11-20T09:52:06.573Z","level":"INFO","message":"Dashboard analytics fetched successfully","totalColleges":3,"totalStudents":12,"activeExams":0,"recentActivityCount":10}
{"timestamp":"2025-11-20T09:52:06.633Z","level":"INFO","message":"Fetching dashboard analytics","userId":"68e353c534d8884ad5c59fad"}
{"timestamp":"2025-11-20T09:52:07.880Z","level":"INFO","message":"Dashboard analytics fetched successfully","totalColleges":3,"totalStudents":12,"activeExams":0,"recentActivityCount":10}
{"timestamp":"2025-11-20T09:52:12.107Z","level":"INFO","message":"Fetching dashboard analytics","userId":"68e353c534d8884ad5c59fad"}
{"timestamp":"2025-11-20T09:52:13.256Z","level":"INFO","message":"Dashboard analytics fetched successfully","totalColleges":3,"totalStudents":12,"activeExams":0,"recentActivityCount":10}
{"timestamp":"2025-11-20T09:52:55.412Z","level":"INFO","message":"Attempting to connect to MongoDB","uri":"URI provided"}
{"timestamp":"2025-11-20T09:52:55.567Z","level":"INFO","message":"Initializing Email Service","host":"smtp.zoho.com","port":587,"secure":false,"environment":"development","user":"Configured"}
{"timestamp":"2025-11-20T09:52:57.163Z","level":"INFO","message":"MongoDB Connected Successfully","host":"ac-tcrbnhx-shard-00-00.igezekd.mongodb.net","database":"academic_management","port":27017}
{"timestamp":"2025-11-20T09:52:57.166Z","level":"INFO","message":"Checking for Master Admin user"}
{"timestamp":"2025-11-20T09:52:57.645Z","level":"INFO","message":"Master Admin already exists","email":"m***@plantechx.in","hasLoggedIn":true}
{"timestamp":"2025-11-20T09:53:04.725Z","level":"INFO","message":"Get current user request","userId":"68e353c534d8884ad5c59fad"}
{"timestamp":"2025-11-20T09:53:04.815Z","level":"INFO","message":"Get current user request","userId":"68e353c534d8884ad5c59fad"}
{"timestamp":"2025-11-20T09:53:06.160Z","level":"INFO","message":"Fetching dashboard analytics","userId":"68e353c534d8884ad5c59fad"}
{"timestamp":"2025-11-20T09:53:07.420Z","level":"INFO","message":"Dashboard analytics fetched successfully","totalColleges":3,"totalStudents":12,"activeExams":0,"recentActivityCount":10}
{"timestamp":"2025-11-20T09:53:07.479Z","level":"INFO","message":"Fetching dashboard analytics","userId":"68e353c534d8884ad5c59fad"}
{"timestamp":"2025-11-20T09:53:08.716Z","level":"INFO","message":"Dashboard analytics fetched successfully","totalColleges":3,"totalStudents":12,"activeExams":0,"recentActivityCount":10}
{"timestamp":"2025-11-20T09:53:11.332Z","level":"INFO","message":"Fetching dashboard analytics","userId":"68e353c534d8884ad5c59fad"}
{"timestamp":"2025-11-20T09:53:12.377Z","level":"INFO","message":"Dashboard analytics fetched successfully","totalColleges":3,"totalStudents":12,"activeExams":0,"recentActivityCount":10}
{"timestamp":"2025-11-20T10:00:20.927Z","level":"INFO","message":"Fetching dashboard analytics","userId":"68e353c534d8884ad5c59fad"}
{"timestamp":"2025-11-20T10:00:21.936Z","level":"INFO","message":"Dashboard analytics fetched successfully","totalColleges":5,"totalStudents":12,"activeExams":0,"recentActivityCount":10}
{"timestamp":"2025-11-20T10:00:37.921Z","level":"INFO","message":"Fetching dashboard analytics","userId":"68e353c534d8884ad5c59fad"}
{"timestamp":"2025-11-20T10:00:38.937Z","level":"INFO","message":"Dashboard analytics fetched successfully","totalColleges":5,"totalStudents":12,"activeExams":0,"recentActivityCount":10}
{"timestamp":"2025-11-20T10:05:07.822Z","level":"INFO","message":"Attempting to connect to MongoDB","uri":"URI provided"}
{"timestamp":"2025-11-20T10:05:08.167Z","level":"INFO","message":"Initializing Email Service","host":"smtp.zoho.com","port":587,"secure":false,"environment":"development","user":"Configured"}
{"timestamp":"2025-11-20T10:05:11.253Z","level":"INFO","message":"MongoDB Connected Successfully","host":"ac-tcrbnhx-shard-00-00.igezekd.mongodb.net","database":"academic_management","port":27017}
{"timestamp":"2025-11-20T10:05:11.258Z","level":"INFO","message":"Checking for Master Admin user"}
{"timestamp":"2025-11-20T10:05:11.774Z","level":"INFO","message":"Master Admin already exists","email":"m***@plantechx.in","hasLoggedIn":true}
{"timestamp":"2025-11-20T10:05:25.024Z","level":"INFO","message":"Get current user request","userId":"68e353c534d8884ad5c59fad"}
{"timestamp":"2025-11-20T10:05:25.129Z","level":"INFO","message":"Get current user request","userId":"68e353c534d8884ad5c59fad"}
{"timestamp":"2025-11-20T10:05:25.596Z","level":"INFO","message":"Fetching dashboard analytics","userId":"68e353c534d8884ad5c59fad"}
{"timestamp":"2025-11-20T10:05:26.830Z","level":"INFO","message":"Dashboard analytics fetched successfully","totalColleges":4,"totalStudents":12,"activeExams":0,"recentActivityCount":10}
{"timestamp":"2025-11-20T10:05:26.892Z","level":"INFO","message":"Fetching dashboard analytics","userId":"68e353c534d8884ad5c59fad"}
{"timestamp":"2025-11-20T10:05:28.074Z","level":"INFO","message":"Dashboard analytics fetched successfully","totalColleges":4,"totalStudents":12,"activeExams":0,"recentActivityCount":10}
{"timestamp":"2025-11-20T10:05:28.469Z","level":"INFO","message":"Fetching dashboard analytics","userId":"68e353c534d8884ad5c59fad"}
{"timestamp":"2025-11-20T10:05:29.664Z","level":"INFO","message":"Dashboard analytics fetched successfully","totalColleges":4,"totalStudents":12,"activeExams":0,"recentActivityCount":10}
{"timestamp":"2025-11-20T10:05:43.783Z","level":"INFO","message":"Sending login credentials email","to":"S***@gmail.com","role":"college_admin","collegeName":"APBOYS"}
{"timestamp":"2025-11-20T10:05:46.165Z","level":"INFO","message":"Retrying email send in 2000ms...","attempt":2,"maxRetries":3}
{"timestamp":"2025-11-20T10:05:50.150Z","level":"INFO","message":"Retrying email send in 4000ms...","attempt":3,"maxRetries":3}
{"timestamp":"2025-11-20T10:05:56.037Z","level":"INFO","message":"Persisted failed email to PendingEmail","to":"S***@gmail.com","type":"login_credentials"}
{"timestamp":"2025-11-20T14:02:58.659Z","level":"INFO","message":"Attempting to connect to MongoDB","uri":"URI provided"}
{"timestamp":"2025-11-20T14:02:59.003Z","level":"INFO","message":"Initializing Email Service","host":"smtp.zoho.com","port":587,"secure":false,"environment":"development","user":"Configured"}
{"timestamp":"2025-11-20T14:03:03.752Z","level":"INFO","message":"MongoDB Connected Successfully","host":"ac-tcrbnhx-shard-00-00.igezekd.mongodb.net","database":"academic_management","port":27017}
{"timestamp":"2025-11-20T14:03:03.754Z","level":"INFO","message":"Checking for Master Admin user"}
{"timestamp":"2025-11-20T14:03:05.134Z","level":"INFO","message":"Master Admin already exists","email":"m***@plantechx.in","hasLoggedIn":true}
{"timestamp":"2025-11-20T14:03:34.574Z","level":"INFO","message":"Get current user request","userId":"68e353c534d8884ad5c59fad"}
{"timestamp":"2025-11-20T14:03:34.686Z","level":"INFO","message":"Get current user request","userId":"68e353c534d8884ad5c59fad"}
{"timestamp":"2025-11-20T14:03:35.894Z","level":"INFO","message":"Fetching dashboard analytics","userId":"68e353c534d8884ad5c59fad"}
{"timestamp":"2025-11-20T14:03:37.366Z","level":"INFO","message":"Dashboard analytics fetched successfully","totalColleges":5,"totalStudents":12,"activeExams":0,"recentActivityCount":10}
{"timestamp":"2025-11-20T14:03:37.453Z","level":"INFO","message":"Fetching dashboard analytics","userId":"68e353c534d8884ad5c59fad"}
{"timestamp":"2025-11-20T14:03:39.604Z","level":"INFO","message":"Dashboard analytics fetched successfully","totalColleges":5,"totalStudents":12,"activeExams":0,"recentActivityCount":10}
{"timestamp":"2025-11-20T14:04:04.111Z","level":"INFO","message":"Fetching dashboard analytics","userId":"68e353c534d8884ad5c59fad"}
{"timestamp":"2025-11-20T14:04:05.450Z","level":"INFO","message":"Dashboard analytics fetched successfully","totalColleges":5,"totalStudents":12,"activeExams":0,"recentActivityCount":10}
{"timestamp":"2025-11-20T14:10:23.934Z","level":"INFO","message":"Get current user request","userId":"68e353c534d8884ad5c59fad"}
{"timestamp":"2025-11-20T14:10:24.035Z","level":"INFO","message":"Get current user request","userId":"68e353c534d8884ad5c59fad"}
{"timestamp":"2025-11-20T14:10:24.576Z","level":"INFO","message":"Fetching dashboard analytics","userId":"68e353c534d8884ad5c59fad"}
{"timestamp":"2025-11-20T14:10:26.008Z","level":"INFO","message":"Dashboard analytics fetched successfully","totalColleges":4,"totalStudents":12,"activeExams":0,"recentActivityCount":10}
{"timestamp":"2025-11-20T14:10:26.079Z","level":"INFO","message":"Fetching dashboard analytics","userId":"68e353c534d8884ad5c59fad"}
{"timestamp":"2025-11-20T14:10:27.503Z","level":"INFO","message":"Dashboard analytics fetched successfully","totalColleges":4,"totalStudents":12,"activeExams":0,"recentActivityCount":10}
{"timestamp":"2025-11-20T14:10:27.568Z","level":"INFO","message":"Fetching dashboard analytics","userId":"68e353c534d8884ad5c59fad"}
{"timestamp":"2025-11-20T14:10:28.835Z","level":"INFO","message":"Dashboard analytics fetched successfully","totalColleges":4,"totalStudents":12,"activeExams":0,"recentActivityCount":10}
{"timestamp":"2025-11-20T14:11:50.226Z","level":"INFO","message":"Attempting to connect to MongoDB","uri":"URI provided"}
{"timestamp":"2025-11-20T14:11:50.588Z","level":"INFO","message":"Initializing Email Service","host":"smtp.zoho.com","port":587,"secure":false,"environment":"development","user":"Configured"}
{"timestamp":"2025-11-20T14:11:53.377Z","level":"INFO","message":"MongoDB Connected Successfully","host":"ac-tcrbnhx-shard-00-00.igezekd.mongodb.net","database":"academic_management","port":27017}
{"timestamp":"2025-11-20T14:11:53.381Z","level":"INFO","message":"Checking for Master Admin user"}
{"timestamp":"2025-11-20T14:11:53.989Z","level":"INFO","message":"Master Admin already exists","email":"m***@plantechx.in","hasLoggedIn":true}
{"timestamp":"2025-11-20T14:16:09.524Z","level":"INFO","message":"Attempting to connect to MongoDB","uri":"URI provided"}
{"timestamp":"2025-11-20T14:16:09.741Z","level":"INFO","message":"Initializing Email Service","host":"smtp.zoho.com","port":587,"secure":false,"environment":"development","user":"Configured"}
{"timestamp":"2025-11-20T14:16:11.431Z","level":"INFO","message":"MongoDB Connected Successfully","host":"ac-tcrbnhx-shard-00-00.igezekd.mongodb.net","database":"academic_management","port":27017}
{"timestamp":"2025-11-20T14:16:11.433Z","level":"INFO","message":"Checking for Master Admin user"}
{"timestamp":"2025-11-20T14:16:12.223Z","level":"INFO","message":"Master Admin already exists","email":"m***@plantechx.in","hasLoggedIn":true}
{"timestamp":"2025-11-20T14:18:14.057Z","level":"INFO","message":"Attempting to connect to MongoDB","uri":"URI provided"}
{"timestamp":"2025-11-20T14:18:14.324Z","level":"INFO","message":"Initializing Email Service","host":"smtp.zoho.com","port":587,"secure":false,"environment":"development","user":"Configured"}
{"timestamp":"2025-11-20T14:18:19.054Z","level":"INFO","message":"MongoDB Connected Successfully","host":"ac-tcrbnhx-shard-00-00.igezekd.mongodb.net","database":"academic_management","port":27017}
{"timestamp":"2025-11-20T14:18:19.057Z","level":"INFO","message":"Checking for Master Admin user"}
{"timestamp":"2025-11-20T14:18:19.663Z","level":"INFO","message":"Master Admin already exists","email":"m***@plantechx.in","hasLoggedIn":true}
{"timestamp":"2025-11-20T14:21:00.077Z","level":"INFO","message":"Get current user request","userId":"68e353c534d8884ad5c59fad"}
{"timestamp":"2025-11-20T14:21:00.485Z","level":"INFO","message":"Get current user request","userId":"68e353c534d8884ad5c59fad"}
{"timestamp":"2025-11-20T14:21:00.864Z","level":"INFO","message":"Fetching dashboard analytics","userId":"68e353c534d8884ad5c59fad"}
{"timestamp":"2025-11-20T14:21:02.190Z","level":"INFO","message":"Dashboard analytics fetched successfully","totalColleges":4,"totalStudents":12,"activeExams":0,"recentActivityCount":10}
{"timestamp":"2025-11-20T14:21:02.241Z","level":"INFO","message":"Fetching dashboard analytics","userId":"68e353c534d8884ad5c59fad"}
{"timestamp":"2025-11-20T14:21:04.327Z","level":"INFO","message":"Dashboard analytics fetched successfully","totalColleges":4,"totalStudents":12,"activeExams":0,"recentActivityCount":10}
{"timestamp":"2025-11-20T14:21:04.607Z","level":"INFO","message":"Fetching dashboard analytics","userId":"68e353c534d8884ad5c59fad"}
{"timestamp":"2025-11-20T14:21:06.042Z","level":"INFO","message":"Dashboard analytics fetched successfully","totalColleges":4,"totalStudents":12,"activeExams":0,"recentActivityCount":10}
{"timestamp":"2025-11-20T14:21:18.146Z","level":"INFO","message":"Sending login credentials email","to":"S***@gmail.com","role":"college_admin","collegeName":"APGIRLS"}
{"timestamp":"2025-11-20T14:21:27.136Z","level":"INFO","message":"Retrying email send in 2000ms...","attempt":2,"maxRetries":3}
{"timestamp":"2025-11-20T14:21:31.032Z","level":"INFO","message":"Retrying email send in 4000ms...","attempt":3,"maxRetries":3}
{"timestamp":"2025-11-20T14:21:38.465Z","level":"INFO","message":"Persisted failed email to PendingEmail","to":"S***@gmail.com","type":"login_credentials"}
{"timestamp":"2025-11-20T14:25:18.920Z","level":"INFO","message":"Attempting to connect to MongoDB","uri":"URI provided"}
{"timestamp":"2025-11-20T14:25:19.051Z","level":"INFO","message":"Initializing Email Service","host":"smtp.zoho.com","port":587,"secure":false,"environment":"development","user":"Configured"}
{"timestamp":"2025-11-20T14:25:20.207Z","level":"INFO","message":"MongoDB Connected Successfully","host":"ac-tcrbnhx-shard-00-00.igezekd.mongodb.net","database":"academic_management","port":27017}
{"timestamp":"2025-11-20T14:25:20.208Z","level":"INFO","message":"Checking for Master Admin user"}
{"timestamp":"2025-11-20T14:25:20.639Z","level":"INFO","message":"Master Admin already exists","email":"m***@plantechx.in","hasLoggedIn":true}
{"timestamp":"2025-11-20T14:27:15.728Z","level":"INFO","message":"Get current user request","userId":"68e353c534d8884ad5c59fad"}
{"timestamp":"2025-11-20T14:27:15.821Z","level":"INFO","message":"Get current user request","userId":"68e353c534d8884ad5c59fad"}
{"timestamp":"2025-11-20T14:27:16.264Z","level":"INFO","message":"Fetching dashboard analytics","userId":"68e353c534d8884ad5c59fad"}
{"timestamp":"2025-11-20T14:27:17.320Z","level":"INFO","message":"Dashboard analytics fetched successfully","totalColleges":1,"totalStudents":12,"activeExams":0,"recentActivityCount":10}
{"timestamp":"2025-11-20T14:27:17.363Z","level":"INFO","message":"Fetching dashboard analytics","userId":"68e353c534d8884ad5c59fad"}
{"timestamp":"2025-11-20T14:27:18.348Z","level":"INFO","message":"Dashboard analytics fetched successfully","totalColleges":1,"totalStudents":12,"activeExams":0,"recentActivityCount":10}
{"timestamp":"2025-11-20T15:03:01.213Z","level":"INFO","message":"Attempting to connect to MongoDB","uri":"URI provided"}
{"timestamp":"2025-11-20T15:03:01.553Z","level":"INFO","message":"Initializing Email Service","host":"smtp.zoho.com","port":587,"secure":false,"environment":"development","user":"Configured"}
{"timestamp":"2025-11-20T15:03:03.638Z","level":"INFO","message":"MongoDB Connected Successfully","host":"ac-tcrbnhx-shard-00-00.igezekd.mongodb.net","database":"academic_management","port":27017}
{"timestamp":"2025-11-20T15:03:03.641Z","level":"INFO","message":"Checking for Master Admin user"}
{"timestamp":"2025-11-20T15:03:04.274Z","level":"INFO","message":"Master Admin already exists","email":"m***@plantechx.in","hasLoggedIn":true}
{"timestamp":"2025-11-20T15:03:40.023Z","level":"INFO","message":"Get current user request","userId":"68e353c534d8884ad5c59fad"}
{"timestamp":"2025-11-20T15:03:40.126Z","level":"INFO","message":"Get current user request","userId":"68e353c534d8884ad5c59fad"}
{"timestamp":"2025-11-20T15:03:40.759Z","level":"INFO","message":"Fetching dashboard analytics","userId":"68e353c534d8884ad5c59fad"}
{"timestamp":"2025-11-20T15:03:42.031Z","level":"INFO","message":"Dashboard analytics fetched successfully","totalColleges":1,"totalStudents":12,"activeExams":0,"recentActivityCount":8}
{"timestamp":"2025-11-20T15:03:42.086Z","level":"INFO","message":"Fetching dashboard analytics","userId":"68e353c534d8884ad5c59fad"}
{"timestamp":"2025-11-20T15:03:43.350Z","level":"INFO","message":"Dashboard analytics fetched successfully","totalColleges":1,"totalStudents":12,"activeExams":0,"recentActivityCount":8}
{"timestamp":"2025-11-20T15:03:49.559Z","level":"INFO","message":"Get current user request","userId":"68e353c534d8884ad5c59fad"}
{"timestamp":"2025-11-20T15:03:49.658Z","level":"INFO","message":"Get current user request","userId":"68e353c534d8884ad5c59fad"}
{"timestamp":"2025-11-20T15:03:50.563Z","level":"INFO","message":"Fetching dashboard analytics","userId":"68e353c534d8884ad5c59fad"}
{"timestamp":"2025-11-20T15:03:51.879Z","level":"INFO","message":"Dashboard analytics fetched successfully","totalColleges":1,"totalStudents":12,"activeExams":0,"recentActivityCount":8}
{"timestamp":"2025-11-20T15:03:51.930Z","level":"INFO","message":"Fetching dashboard analytics","userId":"68e353c534d8884ad5c59fad"}
{"timestamp":"2025-11-20T15:03:53.243Z","level":"INFO","message":"Dashboard analytics fetched successfully","totalColleges":1,"totalStudents":12,"activeExams":0,"recentActivityCount":8}
{"timestamp":"2025-11-20T15:05:17.557Z","level":"INFO","message":"Get current user request","userId":"68e353c534d8884ad5c59fad"}
{"timestamp":"2025-11-20T15:05:17.661Z","level":"INFO","message":"Get current user request","userId":"68e353c534d8884ad5c59fad"}
{"timestamp":"2025-11-20T15:05:18.563Z","level":"INFO","message":"Fetching dashboard analytics","userId":"68e353c534d8884ad5c59fad"}
{"timestamp":"2025-11-20T15:05:19.917Z","level":"INFO","message":"Dashboard analytics fetched successfully","totalColleges":1,"totalStudents":12,"activeExams":0,"recentActivityCount":8}
{"timestamp":"2025-11-20T15:05:19.971Z","level":"INFO","message":"Fetching dashboard analytics","userId":"68e353c534d8884ad5c59fad"}
{"timestamp":"2025-11-20T15:05:21.310Z","level":"INFO","message":"Dashboard analytics fetched successfully","totalColleges":1,"totalStudents":12,"activeExams":0,"recentActivityCount":8}
{"timestamp":"2025-11-20T15:05:35.595Z","level":"INFO","message":"Get current user request","userId":"68e353c534d8884ad5c59fad"}
{"timestamp":"2025-11-20T15:05:35.698Z","level":"INFO","message":"Get current user request","userId":"68e353c534d8884ad5c59fad"}
{"timestamp":"2025-11-20T15:05:36.523Z","level":"INFO","message":"Fetching dashboard analytics","userId":"68e353c534d8884ad5c59fad"}
{"timestamp":"2025-11-20T15:05:37.851Z","level":"INFO","message":"Dashboard analytics fetched successfully","totalColleges":1,"totalStudents":12,"activeExams":0,"recentActivityCount":8}
{"timestamp":"2025-11-20T15:05:37.903Z","level":"INFO","message":"Fetching dashboard analytics","userId":"68e353c534d8884ad5c59fad"}
{"timestamp":"2025-11-20T15:05:39.247Z","level":"INFO","message":"Dashboard analytics fetched successfully","totalColleges":1,"totalStudents":12,"activeExams":0,"recentActivityCount":8}
{"timestamp":"2025-11-20T15:06:18.214Z","level":"INFO","message":"Get current user request","userId":"68e353c534d8884ad5c59fad"}
{"timestamp":"2025-11-20T15:06:18.313Z","level":"INFO","message":"Get current user request","userId":"68e353c534d8884ad5c59fad"}
{"timestamp":"2025-11-20T15:06:19.552Z","level":"INFO","message":"Fetching dashboard analytics","userId":"68e353c534d8884ad5c59fad"}
{"timestamp":"2025-11-20T15:06:20.722Z","level":"INFO","message":"Dashboard analytics fetched successfully","totalColleges":1,"totalStudents":12,"activeExams":0,"recentActivityCount":8}
{"timestamp":"2025-11-20T15:06:20.774Z","level":"INFO","message":"Fetching dashboard analytics","userId":"68e353c534d8884ad5c59fad"}
{"timestamp":"2025-11-20T15:06:21.983Z","level":"INFO","message":"Dashboard analytics fetched successfully","totalColleges":1,"totalStudents":12,"activeExams":0,"recentActivityCount":8}
{"timestamp":"2025-11-20T15:07:28.719Z","level":"INFO","message":"Get current user request","userId":"68e353c534d8884ad5c59fad"}
{"timestamp":"2025-11-20T15:07:28.812Z","level":"INFO","message":"Get current user request","userId":"68e353c534d8884ad5c59fad"}
{"timestamp":"2025-11-20T15:07:29.933Z","level":"INFO","message":"Fetching dashboard analytics","userId":"68e353c534d8884ad5c59fad"}
{"timestamp":"2025-11-20T15:07:31.115Z","level":"INFO","message":"Dashboard analytics fetched successfully","totalColleges":1,"totalStudents":12,"activeExams":0,"recentActivityCount":8}
{"timestamp":"2025-11-20T15:07:31.162Z","level":"INFO","message":"Fetching dashboard analytics","userId":"68e353c534d8884ad5c59fad"}
{"timestamp":"2025-11-20T15:07:32.339Z","level":"INFO","message":"Dashboard analytics fetched successfully","totalColleges":1,"totalStudents":12,"activeExams":0,"recentActivityCount":8}
{"timestamp":"2025-11-20T15:12:59.722Z","level":"INFO","message":"Attempting to connect to MongoDB","uri":"URI provided"}
{"timestamp":"2025-11-20T15:12:59.845Z","level":"INFO","message":"Initializing Email Service","host":"smtp.zoho.com","port":587,"secure":false,"environment":"development","user":"Configured"}
{"timestamp":"2025-11-20T15:13:12.055Z","level":"INFO","message":"Attempting to connect to MongoDB","uri":"URI provided"}
{"timestamp":"2025-11-20T15:13:12.292Z","level":"INFO","message":"Initializing Email Service","host":"smtp.zoho.com","port":587,"secure":false,"environment":"development","user":"Configured"}
{"timestamp":"2025-11-20T15:15:07.714Z","level":"INFO","message":"Attempting to connect to MongoDB","uri":"URI provided"}
{"timestamp":"2025-11-20T15:15:07.894Z","level":"INFO","message":"Initializing Email Service","host":"smtp.zoho.com","port":587,"secure":false,"environment":"development","user":"Configured"}
{"timestamp":"2025-11-20T15:15:31.864Z","level":"INFO","message":"Attempting to connect to MongoDB","uri":"URI provided"}
{"timestamp":"2025-11-20T15:15:31.990Z","level":"INFO","message":"Initializing Email Service","host":"smtp.zoho.com","port":587,"secure":false,"environment":"development","user":"Configured"}
{"timestamp":"2025-11-20T15:22:49.124Z","level":"INFO","message":"Attempting to connect to MongoDB","uri":"URI provided"}
{"timestamp":"2025-11-20T15:22:49.244Z","level":"INFO","message":"Initializing Email Service","host":"smtp.zoho.com","port":587,"secure":false,"environment":"development","user":"Configured"}
{"timestamp":"2025-11-20T15:22:50.358Z","level":"INFO","message":"MongoDB Connected Successfully","host":"ac-dykr2bq-shard-00-00.zccvjza.mongodb.net","database":"plantechx_db","port":27017}
{"timestamp":"2025-11-20T15:22:50.360Z","level":"INFO","message":"Checking for Master Admin user"}
{"timestamp":"2025-11-20T15:22:50.819Z","level":"INFO","message":"Creating Master Admin user"}
{"timestamp":"2025-11-20T15:22:51.266Z","level":"INFO","message":"Master Admin Created Successfully","email":"m***@plantechx.in","hasDefaultPassword":true}
{"timestamp":"2025-11-20T15:32:47.277Z","level":"INFO","message":"Login attempt","email":"r***@gmail.com"}
{"timestamp":"2025-11-20T15:33:08.030Z","level":"INFO","message":"Login attempt","email":"m***@plantechx.in"}
{"timestamp":"2025-11-20T15:33:08.891Z","level":"INFO","message":"Authentication Event","event":"LOGIN_SUCCESS","userId":"691f324a7d068a4afab26c70","userRole":"master_admin","ip":"127.0.0.1","userEmail":"m***@plantechx.in"}
{"timestamp":"2025-11-20T15:33:08.899Z","level":"INFO","message":"Login successful","userId":"691f324a7d068a4afab26c70","email":"m***@plantechx.in","role":"master_admin"}
{"timestamp":"2025-11-20T15:33:09.181Z","level":"INFO","message":"Fetching dashboard analytics","userId":"691f324a7d068a4afab26c70"}
{"timestamp":"2025-11-20T15:33:10.168Z","level":"INFO","message":"Dashboard analytics fetched successfully","totalColleges":0,"totalStudents":0,"activeExams":0,"recentActivityCount":0}
{"timestamp":"2025-11-20T15:33:10.215Z","level":"INFO","message":"Fetching dashboard analytics","userId":"691f324a7d068a4afab26c70"}
{"timestamp":"2025-11-20T15:33:11.424Z","level":"INFO","message":"Dashboard analytics fetched successfully","totalColleges":0,"totalStudents":0,"activeExams":0,"recentActivityCount":0}
{"timestamp":"2025-11-20T15:33:17.788Z","level":"INFO","message":"Attempting to connect to MongoDB","uri":"URI provided"}
{"timestamp":"2025-11-20T15:33:17.922Z","level":"INFO","message":"Initializing Email Service","host":"smtp.zoho.com","port":587,"secure":false,"environment":"development","user":"Configured"}
{"timestamp":"2025-11-20T15:33:19.064Z","level":"INFO","message":"MongoDB Connected Successfully","host":"ac-tcrbnhx-shard-00-00.igezekd.mongodb.net","database":"academic_management","port":27017}
{"timestamp":"2025-11-20T15:33:19.066Z","level":"INFO","message":"Checking for Master Admin user"}
{"timestamp":"2025-11-20T15:33:19.561Z","level":"INFO","message":"Master Admin already exists","email":"m***@plantechx.in","hasLoggedIn":true}
{"timestamp":"2025-11-20T15:33:45.989Z","level":"INFO","message":"Login attempt","email":"r***@gmail.com"}
{"timestamp":"2025-11-20T15:33:46.592Z","level":"INFO","message":"Authentication Event","event":"LOGIN_SUCCESS","userId":"68efb9a094d0fb7785e1ce9a","userRole":"faculty","ip":"127.0.0.1","userEmail":"r***@gmail.com"}
{"timestamp":"2025-11-20T15:33:46.598Z","level":"INFO","message":"Login successful","userId":"68efb9a094d0fb7785e1ce9a","email":"r***@gmail.com","role":"faculty"}
{"timestamp":"2025-11-20T15:36:52.752Z","level":"INFO","message":"Attempting to connect to MongoDB","uri":"URI provided"}
{"timestamp":"2025-11-20T15:36:52.870Z","level":"INFO","message":"Initializing Email Service","host":"smtp.zoho.com","port":587,"secure":false,"environment":"development","user":"Configured"}
{"timestamp":"2025-11-20T15:36:53.974Z","level":"INFO","message":"MongoDB Connected Successfully","host":"ac-tcrbnhx-shard-00-00.igezekd.mongodb.net","database":"academic_management","port":27017}
{"timestamp":"2025-11-20T15:36:53.983Z","level":"INFO","message":"Checking for Master Admin user"}
{"timestamp":"2025-11-20T15:36:54.539Z","level":"INFO","message":"Master Admin already exists","email":"m***@plantechx.in","hasLoggedIn":true}
{"timestamp":"2025-11-20T15:37:13.478Z","level":"INFO","message":"Get current user request","userId":"68efb9a094d0fb7785e1ce9a"}
{"timestamp":"2025-11-20T15:37:13.639Z","level":"INFO","message":"Get current user request","userId":"68efb9a094d0fb7785e1ce9a"}
{"timestamp":"2025-11-20T15:37:54.130Z","level":"INFO","message":"Get current user request","userId":"68efb9a094d0fb7785e1ce9a"}
{"timestamp":"2025-11-20T15:37:54.273Z","level":"INFO","message":"Get current user request","userId":"68efb9a094d0fb7785e1ce9a"}
{"timestamp":"2025-11-20T15:38:42.393Z","level":"INFO","message":"Login attempt","email":"m***@plantechx.in"}
{"timestamp":"2025-11-20T15:38:43.047Z","level":"INFO","message":"Authentication Event","event":"LOGIN_SUCCESS","userId":"68e353c534d8884ad5c59fad","userRole":"master_admin","ip":"127.0.0.1","userEmail":"m***@plantechx.in"}
{"timestamp":"2025-11-20T15:38:43.055Z","level":"INFO","message":"Login successful","userId":"68e353c534d8884ad5c59fad","email":"m***@plantechx.in","role":"master_admin"}
{"timestamp":"2025-11-20T15:38:43.270Z","level":"INFO","message":"Fetching dashboard analytics","userId":"68e353c534d8884ad5c59fad"}
{"timestamp":"2025-11-20T15:38:44.213Z","level":"INFO","message":"Dashboard analytics fetched successfully","totalColleges":1,"totalStudents":12,"activeExams":0,"recentActivityCount":8}
{"timestamp":"2025-11-20T15:38:44.256Z","level":"INFO","message":"Fetching dashboard analytics","userId":"68e353c534d8884ad5c59fad"}
{"timestamp":"2025-11-20T15:38:45.223Z","level":"INFO","message":"Dashboard analytics fetched successfully","totalColleges":1,"totalStudents":12,"activeExams":0,"recentActivityCount":8}
{"timestamp":"2025-11-20T15:39:24.390Z","level":"INFO","message":"Login attempt","email":"r***@gmail.com"}
{"timestamp":"2025-11-20T15:39:25.019Z","level":"INFO","message":"Authentication Event","event":"LOGIN_SUCCESS","userId":"68efb9a094d0fb7785e1ce9a","userRole":"faculty","ip":"127.0.0.1","userEmail":"r***@gmail.com"}
{"timestamp":"2025-11-20T15:39:25.022Z","level":"INFO","message":"Login successful","userId":"68efb9a094d0fb7785e1ce9a","email":"r***@gmail.com","role":"faculty"}
{"timestamp":"2025-11-20T15:42:48.959Z","level":"INFO","message":"Get current user request","userId":"68efb9a094d0fb7785e1ce9a"}
{"timestamp":"2025-11-20T15:42:49.114Z","level":"INFO","message":"Get current user request","userId":"68efb9a094d0fb7785e1ce9a"}
{"timestamp":"2025-11-20T15:42:56.229Z","level":"INFO","message":"Attempting to connect to MongoDB","uri":"URI provided"}
{"timestamp":"2025-11-20T15:42:56.350Z","level":"INFO","message":"Initializing Email Service","host":"smtp.zoho.com","port":587,"secure":false,"environment":"development","user":"Configured"}
{"timestamp":"2025-11-20T15:42:57.467Z","level":"INFO","message":"MongoDB Connected Successfully","host":"ac-tcrbnhx-shard-00-00.igezekd.mongodb.net","database":"academic_management","port":27017}
{"timestamp":"2025-11-20T15:42:57.469Z","level":"INFO","message":"Checking for Master Admin user"}
{"timestamp":"2025-11-20T15:42:57.901Z","level":"INFO","message":"Master Admin already exists","email":"m***@plantechx.in","hasLoggedIn":true}
{"timestamp":"2025-11-20T15:43:18.154Z","level":"INFO","message":"Login attempt","email":"r***@gmail.com"}
{"timestamp":"2025-11-20T15:43:35.606Z","level":"INFO","message":"Login attempt","email":"r***@gmail.com"}
{"timestamp":"2025-11-20T15:43:42.057Z","level":"INFO","message":"Attempting to connect to MongoDB","uri":"URI provided"}
{"timestamp":"2025-11-20T15:43:42.175Z","level":"INFO","message":"Initializing Email Service","host":"smtp.zoho.com","port":587,"secure":false,"environment":"development","user":"Configured"}
{"timestamp":"2025-11-20T15:43:43.187Z","level":"INFO","message":"MongoDB Connected Successfully","host":"ac-tcrbnhx-shard-00-00.igezekd.mongodb.net","database":"academic_management","port":27017}
{"timestamp":"2025-11-20T15:43:43.188Z","level":"INFO","message":"Checking for Master Admin user"}
{"timestamp":"2025-11-20T15:43:43.760Z","level":"INFO","message":"Master Admin already exists","email":"m***@plantechx.in","hasLoggedIn":true}
{"timestamp":"2025-11-20T15:43:55.214Z","level":"INFO","message":"Login attempt","email":"r***@gmail.com"}
{"timestamp":"2025-11-20T15:44:23.668Z","level":"INFO","message":"Login attempt","email":"r***@gmail.com"}
{"timestamp":"2025-11-20T15:44:24.333Z","level":"INFO","message":"Authentication Event","event":"LOGIN_SUCCESS","userId":"68efb9a094d0fb7785e1ce9a","userRole":"faculty","ip":"127.0.0.1","userEmail":"r***@gmail.com"}
{"timestamp":"2025-11-20T15:44:24.341Z","level":"INFO","message":"Login successful","userId":"68efb9a094d0fb7785e1ce9a","email":"r***@gmail.com","role":"faculty"}
{"timestamp":"2025-11-20T17:06:41.295Z","level":"INFO","message":"Attempting to connect to MongoDB","uri":"URI provided"}
{"timestamp":"2025-11-20T17:06:41.422Z","level":"INFO","message":"Initializing Email Service","host":"smtp.zoho.com","port":587,"secure":false,"environment":"development","user":"Configured"}
{"timestamp":"2025-11-20T17:06:42.590Z","level":"INFO","message":"MongoDB Connected Successfully","host":"ac-tcrbnhx-shard-00-00.igezekd.mongodb.net","database":"academic_management","port":27017}
{"timestamp":"2025-11-20T17:06:42.591Z","level":"INFO","message":"Checking for Master Admin user"}
{"timestamp":"2025-11-20T17:06:43.005Z","level":"INFO","message":"Master Admin already exists","email":"m***@plantechx.in","hasLoggedIn":true}
{"timestamp":"2025-11-20T17:09:22.685Z","level":"INFO","message":"Attempting to connect to MongoDB","uri":"URI provided"}
{"timestamp":"2025-11-20T17:09:22.806Z","level":"INFO","message":"Initializing Email Service","host":"smtp.zoho.com","port":587,"secure":false,"environment":"development","user":"Configured"}
{"timestamp":"2025-11-20T17:09:23.852Z","level":"INFO","message":"MongoDB Connected Successfully","host":"ac-tcrbnhx-shard-00-00.igezekd.mongodb.net","database":"academic_management","port":27017}
{"timestamp":"2025-11-20T17:09:23.854Z","level":"INFO","message":"Checking for Master Admin user"}
{"timestamp":"2025-11-20T17:09:24.231Z","level":"INFO","message":"Master Admin already exists","email":"m***@plantechx.in","hasLoggedIn":true}
{"timestamp":"2025-11-20T17:09:32.887Z","level":"INFO","message":"Get current user request","userId":"68e353c534d8884ad5c59fad"}
{"timestamp":"2025-11-20T17:09:32.963Z","level":"INFO","message":"Get current user request","userId":"68e353c534d8884ad5c59fad"}
{"timestamp":"2025-11-20T17:09:33.698Z","level":"INFO","message":"Fetching dashboard analytics","userId":"68e353c534d8884ad5c59fad"}
{"timestamp":"2025-11-20T17:09:34.548Z","level":"INFO","message":"Dashboard analytics fetched successfully","totalColleges":1,"totalStudents":12,"activeExams":0,"recentActivityCount":8}
{"timestamp":"2025-11-20T17:09:34.583Z","level":"INFO","message":"Fetching dashboard analytics","userId":"68e353c534d8884ad5c59fad"}
{"timestamp":"2025-11-20T17:09:35.362Z","level":"INFO","message":"Dashboard analytics fetched successfully","totalColleges":1,"totalStudents":12,"activeExams":0,"recentActivityCount":8}
{"timestamp":"2025-11-20T17:09:51.371Z","level":"INFO","message":"Fetching dashboard analytics","userId":"68e353c534d8884ad5c59fad"}
{"timestamp":"2025-11-20T17:09:52.161Z","level":"INFO","message":"Dashboard analytics fetched successfully","totalColleges":1,"totalStudents":12,"activeExams":0,"recentActivityCount":8}
{"timestamp":"2025-11-20T17:11:59.561Z","level":"INFO","message":"Get current user request","userId":"68e353c534d8884ad5c59fad"}
{"timestamp":"2025-11-20T17:11:59.627Z","level":"INFO","message":"Get current user request","userId":"68e353c534d8884ad5c59fad"}
{"timestamp":"2025-11-20T17:11:59.820Z","level":"INFO","message":"Fetching dashboard analytics","userId":"68e353c534d8884ad5c59fad"}
{"timestamp":"2025-11-20T17:12:00.689Z","level":"INFO","message":"Dashboard analytics fetched successfully","totalColleges":1,"totalStudents":12,"activeExams":0,"recentActivityCount":8}
{"timestamp":"2025-11-20T17:12:00.722Z","level":"INFO","message":"Fetching dashboard analytics","userId":"68e353c534d8884ad5c59fad"}
{"timestamp":"2025-11-20T17:12:01.524Z","level":"INFO","message":"Dashboard analytics fetched successfully","totalColleges":1,"totalStudents":12,"activeExams":0,"recentActivityCount":8}
{"timestamp":"2025-11-20T17:12:02.280Z","level":"INFO","message":"Fetching dashboard analytics","userId":"68e353c534d8884ad5c59fad"}
{"timestamp":"2025-11-20T17:12:03.160Z","level":"INFO","message":"Dashboard analytics fetched successfully","totalColleges":1,"totalStudents":12,"activeExams":0,"recentActivityCount":8}
{"timestamp":"2025-11-20T17:13:25.644Z","level":"INFO","message":"Get current user request","userId":"68e353c534d8884ad5c59fad"}
{"timestamp":"2025-11-20T17:13:25.706Z","level":"INFO","message":"Get current user request","userId":"68e353c534d8884ad5c59fad"}
{"timestamp":"2025-11-20T17:13:26.042Z","level":"INFO","message":"Fetching dashboard analytics","userId":"68e353c534d8884ad5c59fad"}
{"timestamp":"2025-11-20T17:13:26.849Z","level":"INFO","message":"Dashboard analytics fetched successfully","totalColleges":2,"totalStudents":12,"activeExams":0,"recentActivityCount":9}
{"timestamp":"2025-11-20T17:13:26.881Z","level":"INFO","message":"Fetching dashboard analytics","userId":"68e353c534d8884ad5c59fad"}
{"timestamp":"2025-11-20T17:13:27.685Z","level":"INFO","message":"Dashboard analytics fetched successfully","totalColleges":2,"totalStudents":12,"activeExams":0,"recentActivityCount":9}
{"timestamp":"2025-11-20T17:13:27.720Z","level":"INFO","message":"Fetching dashboard analytics","userId":"68e353c534d8884ad5c59fad"}
{"timestamp":"2025-11-20T17:13:28.513Z","level":"INFO","message":"Dashboard analytics fetched successfully","totalColleges":2,"totalStudents":12,"activeExams":0,"recentActivityCount":9}
{"timestamp":"2025-11-20T17:13:40.235Z","level":"INFO","message":"Login attempt","email":"m***@plantechx.in"}
{"timestamp":"2025-11-20T17:13:41.021Z","level":"INFO","message":"Authentication Event","event":"LOGIN_SUCCESS","userId":"68e353c534d8884ad5c59fad","userRole":"master_admin","ip":"127.0.0.1","userEmail":"m***@plantechx.in"}
{"timestamp":"2025-11-20T17:13:41.027Z","level":"INFO","message":"Login successful","userId":"68e353c534d8884ad5c59fad","email":"m***@plantechx.in","role":"master_admin"}
{"timestamp":"2025-11-20T17:13:41.259Z","level":"INFO","message":"Fetching dashboard analytics","userId":"68e353c534d8884ad5c59fad"}
{"timestamp":"2025-11-20T17:13:42.072Z","level":"INFO","message":"Dashboard analytics fetched successfully","totalColleges":2,"totalStudents":12,"activeExams":0,"recentActivityCount":9}
{"timestamp":"2025-11-20T17:13:42.114Z","level":"INFO","message":"Fetching dashboard analytics","userId":"68e353c534d8884ad5c59fad"}
{"timestamp":"2025-11-20T17:13:42.922Z","level":"INFO","message":"Dashboard analytics fetched successfully","totalColleges":2,"totalStudents":12,"activeExams":0,"recentActivityCount":9}
{"timestamp":"2025-11-20T17:13:42.954Z","level":"INFO","message":"Fetching dashboard analytics","userId":"68e353c534d8884ad5c59fad"}
{"timestamp":"2025-11-20T17:13:43.754Z","level":"INFO","message":"Dashboard analytics fetched successfully","totalColleges":2,"totalStudents":12,"activeExams":0,"recentActivityCount":9}
{"timestamp":"2025-11-20T17:15:54.570Z","level":"INFO","message":"Get current user request","userId":"68e353c534d8884ad5c59fad"}
{"timestamp":"2025-11-20T17:15:54.634Z","level":"INFO","message":"Get current user request","userId":"68e353c534d8884ad5c59fad"}
{"timestamp":"2025-11-20T17:15:54.826Z","level":"INFO","message":"Fetching dashboard analytics","userId":"68e353c534d8884ad5c59fad"}
{"timestamp":"2025-11-20T17:15:55.677Z","level":"INFO","message":"Dashboard analytics fetched successfully","totalColleges":1,"totalStudents":12,"activeExams":0,"recentActivityCount":8}
{"timestamp":"2025-11-20T17:15:55.722Z","level":"INFO","message":"Fetching dashboard analytics","userId":"68e353c534d8884ad5c59fad"}
{"timestamp":"2025-11-20T17:15:56.517Z","level":"INFO","message":"Dashboard analytics fetched successfully","totalColleges":1,"totalStudents":12,"activeExams":0,"recentActivityCount":8}
{"timestamp":"2025-11-20T17:15:56.553Z","level":"INFO","message":"Fetching dashboard analytics","userId":"68e353c534d8884ad5c59fad"}
{"timestamp":"2025-11-20T17:15:57.360Z","level":"INFO","message":"Dashboard analytics fetched successfully","totalColleges":1,"totalStudents":12,"activeExams":0,"recentActivityCount":8}
{"timestamp":"2025-11-20T17:16:09.192Z","level":"INFO","message":"Sending login credentials email","to":"s***@gmail.com","role":"college_admin","collegeName":"APGIRLS"}
{"timestamp":"2025-11-20T17:16:10.924Z","level":"INFO","message":"Retrying email send in 2000ms...","attempt":2,"maxRetries":3}
{"timestamp":"2025-11-20T17:16:14.486Z","level":"INFO","message":"Retrying email send in 4000ms...","attempt":3,"maxRetries":3}
{"timestamp":"2025-11-20T17:16:20.534Z","level":"INFO","message":"Persisted failed email to PendingEmail","to":"s***@gmail.com","type":"login_credentials"}
{"timestamp":"2025-11-20T17:21:32.653Z","level":"INFO","message":"Attempting to connect to MongoDB","uri":"URI provided"}
{"timestamp":"2025-11-20T17:21:32.772Z","level":"INFO","message":"Initializing Email Service","host":"smtp.zoho.com","port":587,"secure":false,"environment":"development","user":"Configured"}
{"timestamp":"2025-11-20T17:21:33.834Z","level":"INFO","message":"MongoDB Connected Successfully","host":"ac-tcrbnhx-shard-00-00.igezekd.mongodb.net","database":"academic_management","port":27017}
{"timestamp":"2025-11-20T17:21:33.835Z","level":"INFO","message":"Checking for Master Admin user"}
{"timestamp":"2025-11-20T17:21:34.200Z","level":"INFO","message":"Master Admin already exists","email":"m***@plantechx.in","hasLoggedIn":true}
{"timestamp":"2025-11-20T17:22:37.538Z","level":"INFO","message":"Attempting to connect to MongoDB","uri":"URI provided"}
{"timestamp":"2025-11-20T17:22:37.674Z","level":"INFO","message":"Initializing Email Service","host":"smtp.zoho.com","port":587,"secure":false,"environment":"development","user":"Configured"}
{"timestamp":"2025-11-20T17:22:38.769Z","level":"INFO","message":"MongoDB Connected Successfully","host":"ac-tcrbnhx-shard-00-00.igezekd.mongodb.net","database":"academic_management","port":27017}
{"timestamp":"2025-11-20T17:22:38.770Z","level":"INFO","message":"Checking for Master Admin user"}
{"timestamp":"2025-11-20T17:22:39.176Z","level":"INFO","message":"Master Admin already exists","email":"m***@plantechx.in","hasLoggedIn":true}
{"timestamp":"2025-11-20T17:31:42.990Z","level":"INFO","message":"Fetching dashboard analytics","userId":"68e353c534d8884ad5c59fad"}
{"timestamp":"2025-11-20T17:31:43.869Z","level":"INFO","message":"Dashboard analytics fetched successfully","totalColleges":1,"totalStudents":12,"activeExams":0,"recentActivityCount":8}
{"timestamp":"2025-11-20T17:32:37.535Z","level":"INFO","message":"Get current user request","userId":"68e353c534d8884ad5c59fad"}
{"timestamp":"2025-11-20T17:32:37.594Z","level":"INFO","message":"Get current user request","userId":"68e353c534d8884ad5c59fad"}
{"timestamp":"2025-11-20T17:32:37.947Z","level":"INFO","message":"Fetching dashboard analytics","userId":"68e353c534d8884ad5c59fad"}
{"timestamp":"2025-11-20T17:32:38.790Z","level":"INFO","message":"Dashboard analytics fetched successfully","totalColleges":1,"totalStudents":12,"activeExams":0,"recentActivityCount":8}
{"timestamp":"2025-11-20T17:32:38.826Z","level":"INFO","message":"Fetching dashboard analytics","userId":"68e353c534d8884ad5c59fad"}
{"timestamp":"2025-11-20T17:32:39.634Z","level":"INFO","message":"Dashboard analytics fetched successfully","totalColleges":1,"totalStudents":12,"activeExams":0,"recentActivityCount":8}
{"timestamp":"2025-11-20T17:32:49.297Z","level":"INFO","message":"Attempting to connect to MongoDB","uri":"URI provided"}
{"timestamp":"2025-11-20T17:32:49.421Z","level":"INFO","message":"Initializing Email Service","host":"smtp.zoho.com","port":587,"secure":false,"environment":"development","user":"Configured"}
{"timestamp":"2025-11-20T17:32:50.529Z","level":"INFO","message":"MongoDB Connected Successfully","host":"ac-tcrbnhx-shard-00-00.igezekd.mongodb.net","database":"academic_management","port":27017}
{"timestamp":"2025-11-20T17:32:50.531Z","level":"INFO","message":"Checking for Master Admin user"}
{"timestamp":"2025-11-20T17:32:50.947Z","level":"INFO","message":"Master Admin already exists","email":"m***@plantechx.in","hasLoggedIn":true}
{"timestamp":"2025-11-20T17:32:55.671Z","level":"INFO","message":"Get current user request","userId":"68e353c534d8884ad5c59fad"}
{"timestamp":"2025-11-20T17:32:55.771Z","level":"INFO","message":"Get current user request","userId":"68e353c534d8884ad5c59fad"}
{"timestamp":"2025-11-20T17:32:56.008Z","level":"INFO","message":"Fetching dashboard analytics","userId":"68e353c534d8884ad5c59fad"}
{"timestamp":"2025-11-20T17:32:56.048Z","level":"INFO","message":"Pending College Assignments:","pendingCollegeAssignments":3}
{"timestamp":"2025-11-20T17:32:56.086Z","level":"INFO","message":"Colleges Never Logged In:","collegesNeverLoggedIn":0}
{"timestamp":"2025-11-20T17:32:56.600Z","level":"INFO","message":"Tests Completed In Period:","testsCompletedInPeriod":0}
{"timestamp":"2025-11-20T17:32:57.080Z","level":"INFO","message":"Dashboard analytics fetched successfully","totalColleges":1,"totalStudents":12,"activeExams":0,"recentActivityCount":8}
{"timestamp":"2025-11-20T17:32:57.123Z","level":"INFO","message":"Fetching dashboard analytics","userId":"68e353c534d8884ad5c59fad"}
{"timestamp":"2025-11-20T17:32:57.164Z","level":"INFO","message":"Pending College Assignments:","pendingCollegeAssignments":3}
{"timestamp":"2025-11-20T17:32:57.202Z","level":"INFO","message":"Colleges Never Logged In:","collegesNeverLoggedIn":0}
{"timestamp":"2025-11-20T17:32:57.708Z","level":"INFO","message":"Tests Completed In Period:","testsCompletedInPeriod":0}
{"timestamp":"2025-11-20T17:32:58.162Z","level":"INFO","message":"Dashboard analytics fetched successfully","totalColleges":1,"totalStudents":12,"activeExams":0,"recentActivityCount":8}
{"timestamp":"2025-11-20T17:34:36.373Z","level":"INFO","message":"Attempting to connect to MongoDB","uri":"URI provided"}
{"timestamp":"2025-11-20T17:34:36.494Z","level":"INFO","message":"Initializing Email Service","host":"smtp.zoho.com","port":587,"secure":false,"environment":"development","user":"Configured"}
{"timestamp":"2025-11-20T17:34:37.494Z","level":"INFO","message":"MongoDB Connected Successfully","host":"ac-tcrbnhx-shard-00-00.igezekd.mongodb.net","database":"academic_management","port":27017}
{"timestamp":"2025-11-20T17:34:37.496Z","level":"INFO","message":"Checking for Master Admin user"}
{"timestamp":"2025-11-20T17:34:37.861Z","level":"INFO","message":"Master Admin already exists","email":"m***@plantechx.in","hasLoggedIn":true}
{"timestamp":"2025-11-20T17:34:43.478Z","level":"INFO","message":"Get current user request","userId":"68e353c534d8884ad5c59fad"}
{"timestamp":"2025-11-20T17:34:43.544Z","level":"INFO","message":"Get current user request","userId":"68e353c534d8884ad5c59fad"}
{"timestamp":"2025-11-20T17:34:43.764Z","level":"INFO","message":"Fetching dashboard analytics","userId":"68e353c534d8884ad5c59fad"}
{"timestamp":"2025-11-20T17:34:43.794Z","level":"INFO","message":"Pending College Assignments:","pendingCollegeAssignments":0}
{"timestamp":"2025-11-20T17:34:43.826Z","level":"INFO","message":"Colleges Never Logged In:","collegesNeverLoggedIn":0}
{"timestamp":"2025-11-20T17:34:44.259Z","level":"INFO","message":"Tests Completed In Period:","testsCompletedInPeriod":0}
{"timestamp":"2025-11-20T17:34:44.646Z","level":"INFO","message":"Dashboard analytics fetched successfully","totalColleges":1,"totalStudents":12,"activeExams":0,"recentActivityCount":8}
{"timestamp":"2025-11-20T17:34:44.685Z","level":"INFO","message":"Fetching dashboard analytics","userId":"68e353c534d8884ad5c59fad"}
{"timestamp":"2025-11-20T17:34:44.717Z","level":"INFO","message":"Pending College Assignments:","pendingCollegeAssignments":0}
{"timestamp":"2025-11-20T17:34:44.748Z","level":"INFO","message":"Colleges Never Logged In:","collegesNeverLoggedIn":0}
{"timestamp":"2025-11-20T17:34:45.156Z","level":"INFO","message":"Tests Completed In Period:","testsCompletedInPeriod":0}
{"timestamp":"2025-11-20T17:34:45.510Z","level":"INFO","message":"Dashboard analytics fetched successfully","totalColleges":1,"totalStudents":12,"activeExams":0,"recentActivityCount":8}
{"timestamp":"2025-11-20T17:36:23.929Z","level":"INFO","message":"Attempting to connect to MongoDB","uri":"URI provided"}
{"timestamp":"2025-11-20T17:36:24.059Z","level":"INFO","message":"Initializing Email Service","host":"smtp.zoho.com","port":587,"secure":false,"environment":"development","user":"Configured"}
{"timestamp":"2025-11-20T17:36:25.142Z","level":"INFO","message":"MongoDB Connected Successfully","host":"ac-tcrbnhx-shard-00-00.igezekd.mongodb.net","database":"academic_management","port":27017}
{"timestamp":"2025-11-20T17:36:25.144Z","level":"INFO","message":"Checking for Master Admin user"}
{"timestamp":"2025-11-20T17:36:25.499Z","level":"INFO","message":"Master Admin already exists","email":"m***@plantechx.in","hasLoggedIn":true}
{"timestamp":"2025-11-20T17:36:36.919Z","level":"INFO","message":"Attempting to connect to MongoDB","uri":"URI provided"}
{"timestamp":"2025-11-20T17:36:37.047Z","level":"INFO","message":"Initializing Email Service","host":"smtp.zoho.com","port":587,"secure":false,"environment":"development","user":"Configured"}
{"timestamp":"2025-11-20T17:36:38.006Z","level":"INFO","message":"MongoDB Connected Successfully","host":"ac-tcrbnhx-shard-00-00.igezekd.mongodb.net","database":"academic_management","port":27017}
{"timestamp":"2025-11-20T17:36:38.011Z","level":"INFO","message":"Checking for Master Admin user"}
{"timestamp":"2025-11-20T17:36:38.383Z","level":"INFO","message":"Master Admin already exists","email":"m***@plantechx.in","hasLoggedIn":true}
{"timestamp":"2025-11-20T17:39:52.173Z","level":"INFO","message":"Attempting to connect to MongoDB","uri":"URI provided"}
{"timestamp":"2025-11-20T17:39:52.314Z","level":"INFO","message":"Initializing Email Service","host":"smtp.pro.zoho.in","port":587,"secure":false,"environment":"development","user":"Configured"}
{"timestamp":"2025-11-20T17:39:53.431Z","level":"INFO","message":"MongoDB Connected Successfully","host":"ac-tcrbnhx-shard-00-00.igezekd.mongodb.net","database":"academic_management","port":27017}
{"timestamp":"2025-11-20T17:39:53.433Z","level":"INFO","message":"Checking for Master Admin user"}
{"timestamp":"2025-11-20T17:39:53.820Z","level":"INFO","message":"Master Admin already exists","email":"m***@plantechx.in","hasLoggedIn":true}
{"timestamp":"2025-11-20T17:40:11.037Z","level":"INFO","message":"Attempting to connect to MongoDB","uri":"URI provided"}
{"timestamp":"2025-11-20T17:40:11.159Z","level":"INFO","message":"Initializing Email Service","host":"smtp.pro.zoho.in","port":465,"secure":true,"environment":"development","user":"Configured"}
{"timestamp":"2025-11-20T17:40:12.136Z","level":"INFO","message":"MongoDB Connected Successfully","host":"ac-tcrbnhx-shard-00-00.igezekd.mongodb.net","database":"academic_management","port":27017}
{"timestamp":"2025-11-20T17:40:12.139Z","level":"INFO","message":"Checking for Master Admin user"}
{"timestamp":"2025-11-20T17:40:12.541Z","level":"INFO","message":"Master Admin already exists","email":"m***@plantechx.in","hasLoggedIn":true}
{"timestamp":"2025-11-20T17:41:02.861Z","level":"INFO","message":"Attempting to connect to MongoDB","uri":"URI provided"}
{"timestamp":"2025-11-20T17:41:02.980Z","level":"INFO","message":"Initializing Email Service","host":"smtp.pro.zoho.in","port":465,"secure":true,"environment":"development","user":"Configured"}
{"timestamp":"2025-11-20T17:41:04.030Z","level":"INFO","message":"MongoDB Connected Successfully","host":"ac-tcrbnhx-shard-00-00.igezekd.mongodb.net","database":"academic_management","port":27017}
{"timestamp":"2025-11-20T17:41:04.032Z","level":"INFO","message":"Checking for Master Admin user"}
{"timestamp":"2025-11-20T17:41:04.399Z","level":"INFO","message":"Master Admin already exists","email":"m***@plantechx.in","hasLoggedIn":true}
{"timestamp":"2025-11-20T17:41:11.152Z","level":"INFO","message":"Attempting to connect to MongoDB","uri":"URI provided"}
{"timestamp":"2025-11-20T17:41:11.287Z","level":"INFO","message":"Initializing Email Service","host":"smtp.zoho.in","port":465,"secure":true,"environment":"development","user":"Configured"}
{"timestamp":"2025-11-20T17:41:12.332Z","level":"INFO","message":"MongoDB Connected Successfully","host":"ac-tcrbnhx-shard-00-00.igezekd.mongodb.net","database":"academic_management","port":27017}
{"timestamp":"2025-11-20T17:41:12.334Z","level":"INFO","message":"Checking for Master Admin user"}
{"timestamp":"2025-11-20T17:41:12.384Z","level":"INFO","message":" Email service connection verified successfully"}
{"timestamp":"2025-11-20T17:41:12.736Z","level":"INFO","message":"Master Admin already exists","email":"m***@plantechx.in","hasLoggedIn":true}
{"timestamp":"2025-11-20T17:41:21.538Z","level":"INFO","message":"Fetching dashboard analytics","userId":"68e353c534d8884ad5c59fad"}
{"timestamp":"2025-11-20T17:41:21.572Z","level":"INFO","message":"Pending College Assignments:","pendingCollegeAssignments":0}
{"timestamp":"2025-11-20T17:41:21.607Z","level":"INFO","message":"Colleges Never Logged In:","collegesNeverLoggedIn":0}
{"timestamp":"2025-11-20T17:41:22.038Z","level":"INFO","message":"Tests Completed In Period:","testsCompletedInPeriod":0}
{"timestamp":"2025-11-20T17:41:22.421Z","level":"INFO","message":"Dashboard analytics fetched successfully","totalColleges":1,"totalStudents":12,"activeExams":0,"recentActivityCount":8}
{"timestamp":"2025-11-20T17:41:29.692Z","level":"INFO","message":"Sending login credentials email","to":"s***@gmail.com","role":"college_admin","collegeName":"APGIRLS"}
{"timestamp":"2025-11-20T17:41:30.426Z","level":"INFO","message":" Email sent successfully","from":"no.reply@plantechx.in","to":"s***@gmail.com","subject":"Login Credentials - College Administrator Account Created","html":"\n        <div style=\"font-family: Arial, sans-serif; max-width: 600px; margin: 0 auto;\">\n          <div style=\"background-color: #3B82F6; color: white; padding: 20px; text-align: center;\">\n            <h1>Plantechx</h1>\n          </div>\n          <div style=\"padding: 20px; background-color: #f9f9f9;\">\n            <h2>Welcome, Sarath Chandra005!</h2>\n            <p>Your College Administrator account has been created successfully.</p>\n            <p><strong>College:</strong> APGIRLS</p>\n            \n            <div style=\"background-color: white; padding: 15px; border-left: 4px solid #3B82F6; margin: 20px 0;\">\n              <h3>Login Credentials:</h3>\n              <p><strong>Email:</strong> sarath.chandra005@gmail.com</p>\n              <p><strong>Password:</strong> m2OAkWgEhW</p>\n            </div>\n            \n            <p style=\"color: #dc2626; font-weight: bold;\">\n               Please change your password after first login for security reasons.\n            </p>\n            \n            <div style=\"text-align: center; margin: 30px 0;\">\n              <a href=\"http://localhost:8080/login\" \n                 style=\"background-color: #3B82F6; color: white; padding: 12px 24px; text-decoration: none; border-radius: 5px; display: inline-block;\">\n                Login Now\n              </a>\n            </div>\n          </div>\n          <div style=\"background-color: #374151; color: white; text-align: center; padding: 10px;\">\n            <p>Plantechx  2025</p>\n          </div>\n        </div>\n      ","attempt":1,"messageId":"<85ac3c3d-b4d6-0cd6-1169-2332b7d369a6@plantechx.in>"}
{"timestamp":"2025-11-23T13:40:00.054Z","level":"INFO","message":"Attempting to connect to MongoDB","uri":"URI provided"}
{"timestamp":"2025-11-23T13:40:00.818Z","level":"INFO","message":"Initializing Email Service","host":"smtp.zoho.in","port":487,"secure":false,"environment":"development","user":"Configured"}
{"timestamp":"2025-11-23T13:40:03.992Z","level":"INFO","message":"MongoDB Connected Successfully","host":"ac-tcrbnhx-shard-00-00.igezekd.mongodb.net","database":"academic_management","port":27017}
{"timestamp":"2025-11-23T13:40:03.995Z","level":"INFO","message":"Checking for Master Admin user"}
{"timestamp":"2025-11-23T13:40:04.441Z","level":"INFO","message":"Master Admin already exists","email":"m***@plantechx.in","hasLoggedIn":true}
{"timestamp":"2025-11-23T13:41:02.544Z","level":"INFO","message":"Login attempt","email":"s***@gmail.com"}
{"timestamp":"2025-11-23T13:41:03.049Z","level":"INFO","message":"Authentication Event","event":"LOGIN_SUCCESS","userId":"68e38b6572b22843edea091f","userRole":"student","ip":"127.0.0.1","userEmail":"s***@gmail.com"}
{"timestamp":"2025-11-23T13:41:03.063Z","level":"INFO","message":"Login successful","userId":"68e38b6572b22843edea091f","email":"s***@gmail.com","role":"student"}
{"timestamp":"2025-11-23T14:05:30.759Z","level":"INFO","message":"Attempting to connect to MongoDB","uri":"URI provided"}
{"timestamp":"2025-11-23T14:05:31.000Z","level":"INFO","message":"Initializing Email Service","host":"smtp.zoho.in","port":487,"secure":false,"environment":"development","user":"Configured"}
{"timestamp":"2025-11-23T14:06:20.006Z","level":"INFO","message":"Attempting to connect to MongoDB","uri":"URI provided"}
{"timestamp":"2025-11-23T14:06:20.199Z","level":"INFO","message":"Initializing Email Service","host":"smtp.zoho.in","port":487,"secure":false,"environment":"development","user":"Configured"}
{"timestamp":"2025-11-23T14:06:34.093Z","level":"INFO","message":"Attempting to connect to MongoDB","uri":"URI provided"}
{"timestamp":"2025-11-23T14:06:34.220Z","level":"INFO","message":"Initializing Email Service","host":"smtp.zoho.in","port":487,"secure":false,"environment":"development","user":"Configured"}
{"timestamp":"2025-11-23T14:39:24.820Z","level":"INFO","message":"Attempting to connect to MongoDB","uri":"URI provided"}
{"timestamp":"2025-11-23T14:39:25.036Z","level":"INFO","message":"Initializing Email Service","host":"smtp.zoho.in","port":487,"secure":false,"environment":"development","user":"Configured"}
{"timestamp":"2025-11-23T14:39:26.267Z","level":"INFO","message":"MongoDB Connected Successfully","host":"ac-tcrbnhx-shard-00-00.igezekd.mongodb.net","database":"academic_management","port":27017}
{"timestamp":"2025-11-23T14:39:26.270Z","level":"INFO","message":"Checking for Master Admin user"}
{"timestamp":"2025-11-23T14:39:26.705Z","level":"INFO","message":"Master Admin already exists","email":"m***@plantechx.in","hasLoggedIn":true}
{"timestamp":"2025-12-04T09:11:08.099Z","level":"INFO","message":"Attempting to connect to MongoDB","uri":"URI provided"}
{"timestamp":"2025-12-04T09:11:08.402Z","level":"INFO","message":"Initializing Email Service","host":"smtp.zoho.in","port":487,"secure":false,"environment":"development","user":"Configured"}
{"timestamp":"2025-12-04T09:11:10.053Z","level":"INFO","message":"MongoDB Connected Successfully","host":"ac-tcrbnhx-shard-00-00.igezekd.mongodb.net","database":"academic_management","port":27017}
{"timestamp":"2025-12-04T09:11:10.054Z","level":"INFO","message":"Checking for Master Admin user"}
{"timestamp":"2025-12-04T09:11:11.495Z","level":"INFO","message":"Master Admin already exists","email":"m***@plantechx.in","hasLoggedIn":true}
{"timestamp":"2025-12-04T09:16:14.838Z","level":"INFO","message":"Attempting to connect to MongoDB","uri":"URI provided"}
{"timestamp":"2025-12-04T09:16:15.134Z","level":"INFO","message":"Initializing Email Service","host":"smtp.zoho.in","port":487,"secure":false,"environment":"development","user":"Configured"}
{"timestamp":"2025-12-04T09:16:16.649Z","level":"INFO","message":"MongoDB Connected Successfully","host":"ac-tcrbnhx-shard-00-00.igezekd.mongodb.net","database":"academic_management","port":27017}
{"timestamp":"2025-12-04T09:16:16.654Z","level":"INFO","message":"Checking for Master Admin user"}
{"timestamp":"2025-12-04T09:16:17.082Z","level":"INFO","message":"Master Admin already exists","email":"m***@plantechx.in","hasLoggedIn":true}
{"timestamp":"2025-12-04T09:16:54.435Z","level":"INFO","message":"Attempting to connect to MongoDB","uri":"URI provided"}
{"timestamp":"2025-12-04T09:16:54.629Z","level":"INFO","message":"Initializing Email Service","host":"smtp.zoho.in","port":487,"secure":false,"environment":"development","user":"Configured"}
{"timestamp":"2025-12-04T09:16:55.862Z","level":"INFO","message":"MongoDB Connected Successfully","host":"ac-tcrbnhx-shard-00-00.igezekd.mongodb.net","database":"academic_management","port":27017}
{"timestamp":"2025-12-04T09:16:55.867Z","level":"INFO","message":"Checking for Master Admin user"}
{"timestamp":"2025-12-04T09:16:56.700Z","level":"INFO","message":"Master Admin already exists","email":"m***@plantechx.in","hasLoggedIn":true}
{"timestamp":"2025-12-04T09:17:46.082Z","level":"INFO","message":"Attempting to connect to MongoDB","uri":"URI provided"}
{"timestamp":"2025-12-04T09:17:46.418Z","level":"INFO","message":"Initializing Email Service","host":"smtp.zoho.in","port":487,"secure":false,"environment":"development","user":"Configured"}
{"timestamp":"2025-12-04T09:17:49.984Z","level":"INFO","message":"MongoDB Connected Successfully","host":"ac-tcrbnhx-shard-00-00.igezekd.mongodb.net","database":"academic_management","port":27017}
{"timestamp":"2025-12-04T09:17:49.992Z","level":"INFO","message":"Checking for Master Admin user"}
{"timestamp":"2025-12-04T09:17:51.819Z","level":"INFO","message":"Master Admin already exists","email":"m***@plantechx.in","hasLoggedIn":true}
{"timestamp":"2025-12-04T09:18:40.824Z","level":"INFO","message":"Attempting to connect to MongoDB","uri":"URI provided"}
{"timestamp":"2025-12-04T09:18:41.092Z","level":"INFO","message":"Initializing Email Service","host":"smtp.zoho.in","port":487,"secure":false,"environment":"development","user":"Configured"}
{"timestamp":"2025-12-04T09:18:41.106Z","level":"INFO","message":"Email service ready (verification deferred)"}
{"timestamp":"2025-12-04T09:18:42.387Z","level":"INFO","message":"MongoDB Connected Successfully","host":"ac-tcrbnhx-shard-00-00.igezekd.mongodb.net","database":"academic_management","port":27017}
{"timestamp":"2025-12-04T09:18:42.389Z","level":"INFO","message":"Checking for Master Admin user"}
{"timestamp":"2025-12-04T09:18:42.799Z","level":"INFO","message":"Master Admin already exists","email":"m***@plantechx.in","hasLoggedIn":true}
{"timestamp":"2025-12-04T09:25:32.812Z","level":"INFO","message":"Initializing Email Service","host":"smtp.zoho.in","port":487,"secure":false,"environment":"development","user":"Configured"}
{"timestamp":"2025-12-04T09:25:32.821Z","level":"INFO","message":"Email service ready (verification deferred)"}
{"timestamp":"2025-12-04T09:25:33.465Z","level":"INFO","message":"Attempting to connect to MongoDB","uri":"URI provided"}
{"timestamp":"2025-12-04T09:25:34.350Z","level":"INFO","message":"MongoDB Connected Successfully","host":"ac-tcrbnhx-shard-00-00.igezekd.mongodb.net","database":"academic_management","port":27017}
{"timestamp":"2025-12-04T09:25:34.353Z","level":"INFO","message":"Checking for Master Admin user"}
{"timestamp":"2025-12-04T09:25:34.779Z","level":"INFO","message":"Master Admin already exists","email":"m***@plantechx.in","hasLoggedIn":true}
{"timestamp":"2025-12-04T09:26:23.423Z","level":"INFO","message":"Initializing Email Service","host":"smtp.zoho.in","port":487,"secure":false,"environment":"development","user":"Configured"}
{"timestamp":"2025-12-04T09:26:23.446Z","level":"INFO","message":"Email service ready (verification deferred)"}
{"timestamp":"2025-12-04T09:26:24.327Z","level":"INFO","message":"Attempting to connect to MongoDB","uri":"URI provided"}
{"timestamp":"2025-12-04T09:26:27.082Z","level":"INFO","message":"MongoDB Connected Successfully","host":"ac-tcrbnhx-shard-00-00.igezekd.mongodb.net","database":"academic_management","port":27017}
{"timestamp":"2025-12-04T09:26:27.085Z","level":"INFO","message":"Checking for Master Admin user"}
{"timestamp":"2025-12-04T09:26:27.516Z","level":"INFO","message":"Master Admin already exists","email":"m***@plantechx.in","hasLoggedIn":true}
{"timestamp":"2025-12-04T15:46:15.193Z","level":"INFO","message":"Initializing Email Service","host":"smtp.zoho.in","port":487,"secure":false,"environment":"development","user":"Configured"}
{"timestamp":"2025-12-04T15:46:15.218Z","level":"INFO","message":"Email service ready (verification deferred)"}
{"timestamp":"2025-12-04T15:46:16.057Z","level":"INFO","message":"Attempting to connect to MongoDB","uri":"URI provided"}
{"timestamp":"2025-12-04T15:46:16.946Z","level":"INFO","message":"MongoDB Connected Successfully","host":"ac-tcrbnhx-shard-00-00.igezekd.mongodb.net","database":"academic_management","port":27017}
{"timestamp":"2025-12-04T15:46:16.950Z","level":"INFO","message":"Checking for Master Admin user"}
{"timestamp":"2025-12-04T15:46:17.377Z","level":"INFO","message":"Master Admin already exists","email":"m***@plantechx.in","hasLoggedIn":true}
{"timestamp":"2025-12-04T15:47:35.503Z","level":"INFO","message":"Login attempt","email":"s***@gmail.com"}
{"timestamp":"2025-12-04T15:47:35.829Z","level":"INFO","message":"Authentication Event","event":"LOGIN_SUCCESS","userId":"68e38b6572b22843edea091f","userRole":"student","ip":"127.0.0.1","userEmail":"s***@gmail.com"}
{"timestamp":"2025-12-04T15:47:35.835Z","level":"INFO","message":"Login successful","userId":"68e38b6572b22843edea091f","email":"s***@gmail.com","role":"student"}
{"timestamp":"2025-12-04T16:03:24.916Z","level":"INFO","message":"Get current user request","userId":"68e38b6572b22843edea091f"}
{"timestamp":"2025-12-04T16:03:25.067Z","level":"INFO","message":"Get current user request","userId":"68e38b6572b22843edea091f"}
{"timestamp":"2025-12-04T16:03:37.567Z","level":"INFO","message":"Login attempt","email":"m***@plantechx.in"}
{"timestamp":"2025-12-04T16:03:38.328Z","level":"INFO","message":"Authentication Event","event":"LOGIN_SUCCESS","userId":"68e353c534d8884ad5c59fad","userRole":"master_admin","ip":"127.0.0.1","userEmail":"m***@plantechx.in"}
{"timestamp":"2025-12-04T16:03:38.331Z","level":"INFO","message":"Login successful","userId":"68e353c534d8884ad5c59fad","email":"m***@plantechx.in","role":"master_admin"}
{"timestamp":"2025-12-04T16:03:38.535Z","level":"INFO","message":"Fetching dashboard analytics","userId":"68e353c534d8884ad5c59fad"}
{"timestamp":"2025-12-04T16:03:38.568Z","level":"INFO","message":"Pending College Assignments:","pendingCollegeAssignments":0}
{"timestamp":"2025-12-04T16:03:38.603Z","level":"INFO","message":"Colleges Never Logged In:","collegesNeverLoggedIn":1}
{"timestamp":"2025-12-04T16:03:39.048Z","level":"INFO","message":"Tests Completed In Period:","testsCompletedInPeriod":1}
{"timestamp":"2025-12-04T16:03:39.449Z","level":"INFO","message":"Dashboard analytics fetched successfully","totalColleges":1,"totalStudents":12,"activeExams":1,"recentActivityCount":10}
{"timestamp":"2025-12-04T16:03:39.487Z","level":"INFO","message":"Fetching dashboard analytics","userId":"68e353c534d8884ad5c59fad"}
{"timestamp":"2025-12-04T16:03:39.519Z","level":"INFO","message":"Pending College Assignments:","pendingCollegeAssignments":0}
{"timestamp":"2025-12-04T16:03:39.552Z","level":"INFO","message":"Colleges Never Logged In:","collegesNeverLoggedIn":1}
{"timestamp":"2025-12-04T16:03:39.978Z","level":"INFO","message":"Tests Completed In Period:","testsCompletedInPeriod":1}
{"timestamp":"2025-12-04T16:03:40.353Z","level":"INFO","message":"Dashboard analytics fetched successfully","totalColleges":1,"totalStudents":12,"activeExams":1,"recentActivityCount":10}
{"timestamp":"2025-12-04T16:06:02.184Z","level":"INFO","message":"Initializing Email Service","host":"smtp.zoho.in","port":487,"secure":false,"environment":"development","user":"Configured"}
{"timestamp":"2025-12-04T16:06:02.209Z","level":"INFO","message":"Email service ready (verification deferred)"}
{"timestamp":"2025-12-04T16:06:03.228Z","level":"INFO","message":"Attempting to connect to MongoDB","uri":"URI provided"}
{"timestamp":"2025-12-04T16:06:04.477Z","level":"INFO","message":"MongoDB Connected Successfully","host":"ac-tcrbnhx-shard-00-00.igezekd.mongodb.net","database":"academic_management","port":27017}
{"timestamp":"2025-12-04T16:06:04.481Z","level":"INFO","message":"Checking for Master Admin user"}
{"timestamp":"2025-12-04T16:06:05.070Z","level":"INFO","message":"Master Admin already exists","email":"m***@plantechx.in","hasLoggedIn":true}
{"timestamp":"2025-12-04T16:06:10.338Z","level":"INFO","message":"Get current user request","userId":"68e353c534d8884ad5c59fad"}
{"timestamp":"2025-12-04T16:06:10.524Z","level":"INFO","message":"Get current user request","userId":"68e353c534d8884ad5c59fad"}
{"timestamp":"2025-12-04T16:06:11.292Z","level":"INFO","message":"Fetching dashboard analytics","userId":"68e353c534d8884ad5c59fad"}
{"timestamp":"2025-12-04T16:06:11.330Z","level":"INFO","message":"Pending College Assignments:","pendingCollegeAssignments":0}
{"timestamp":"2025-12-04T16:06:11.369Z","level":"INFO","message":"Colleges Never Logged In:","collegesNeverLoggedIn":1}
{"timestamp":"2025-12-04T16:06:12.198Z","level":"INFO","message":"Tests Completed In Period:","testsCompletedInPeriod":1}
{"timestamp":"2025-12-04T16:06:12.867Z","level":"INFO","message":"Dashboard analytics fetched successfully","totalColleges":1,"totalStudents":12,"activeExams":1,"recentActivityCount":10}
{"timestamp":"2025-12-04T16:06:12.911Z","level":"INFO","message":"Fetching dashboard analytics","userId":"68e353c534d8884ad5c59fad"}
{"timestamp":"2025-12-04T16:06:12.948Z","level":"INFO","message":"Pending College Assignments:","pendingCollegeAssignments":0}
{"timestamp":"2025-12-04T16:06:12.980Z","level":"INFO","message":"Colleges Never Logged In:","collegesNeverLoggedIn":1}
{"timestamp":"2025-12-04T16:06:13.677Z","level":"INFO","message":"Tests Completed In Period:","testsCompletedInPeriod":1}
{"timestamp":"2025-12-04T16:06:14.338Z","level":"INFO","message":"Dashboard analytics fetched successfully","totalColleges":1,"totalStudents":12,"activeExams":1,"recentActivityCount":10}
{"timestamp":"2025-12-04T16:09:59.928Z","level":"INFO","message":"Initializing Email Service","host":"smtp.zoho.in","port":487,"secure":false,"environment":"development","user":"Configured"}
{"timestamp":"2025-12-04T16:09:59.942Z","level":"INFO","message":"Email service ready (verification deferred)"}
{"timestamp":"2025-12-04T16:10:00.613Z","level":"INFO","message":"Attempting to connect to MongoDB","uri":"URI provided"}
{"timestamp":"2025-12-04T16:10:01.352Z","level":"INFO","message":"MongoDB Connected Successfully","host":"ac-tcrbnhx-shard-00-00.igezekd.mongodb.net","database":"academic_management","port":27017}
{"timestamp":"2025-12-04T16:10:01.353Z","level":"INFO","message":"Checking for Master Admin user"}
{"timestamp":"2025-12-04T16:10:01.720Z","level":"INFO","message":"Master Admin already exists","email":"m***@plantechx.in","hasLoggedIn":true}
{"timestamp":"2025-12-04T16:10:25.770Z","level":"INFO","message":"Initializing Email Service","host":"smtp.zoho.in","port":487,"secure":false,"environment":"development","user":"Configured"}
{"timestamp":"2025-12-04T16:10:25.781Z","level":"INFO","message":"Email service ready (verification deferred)"}
{"timestamp":"2025-12-04T16:10:26.270Z","level":"INFO","message":"Attempting to connect to MongoDB","uri":"URI provided"}
{"timestamp":"2025-12-04T16:10:26.943Z","level":"INFO","message":"MongoDB Connected Successfully","host":"ac-tcrbnhx-shard-00-00.igezekd.mongodb.net","database":"academic_management","port":27017}
{"timestamp":"2025-12-04T16:10:26.945Z","level":"INFO","message":"Checking for Master Admin user"}
{"timestamp":"2025-12-04T16:10:27.329Z","level":"INFO","message":"Master Admin already exists","email":"m***@plantechx.in","hasLoggedIn":true}
{"timestamp":"2025-12-04T16:13:13.063Z","level":"INFO","message":"Initializing Email Service","host":"smtp.zoho.in","port":487,"secure":false,"environment":"development","user":"Configured"}
{"timestamp":"2025-12-04T16:13:13.074Z","level":"INFO","message":"Email service ready (verification deferred)"}
{"timestamp":"2025-12-04T16:13:13.637Z","level":"INFO","message":"Attempting to connect to MongoDB","uri":"URI provided"}
{"timestamp":"2025-12-04T16:13:15.521Z","level":"INFO","message":"MongoDB Connected Successfully","host":"ac-tcrbnhx-shard-00-00.igezekd.mongodb.net","database":"academic_management","port":27017}
{"timestamp":"2025-12-04T16:13:15.522Z","level":"INFO","message":"Checking for Master Admin user"}
{"timestamp":"2025-12-04T16:13:15.895Z","level":"INFO","message":"Master Admin already exists","email":"m***@plantechx.in","hasLoggedIn":true}
{"timestamp":"2025-12-04T16:20:35.394Z","level":"INFO","message":"Login attempt","email":"s***@gmail.com"}
{"timestamp":"2025-12-04T16:20:35.742Z","level":"INFO","message":"Authentication Event","event":"LOGIN_SUCCESS","userId":"68e38b6572b22843edea091f","userRole":"student","ip":"127.0.0.1","userEmail":"s***@gmail.com"}
{"timestamp":"2025-12-04T16:20:35.748Z","level":"INFO","message":"Login successful","userId":"68e38b6572b22843edea091f","email":"s***@gmail.com","role":"student"}
{"timestamp":"2025-12-04T16:20:53.653Z","level":"INFO","message":"Get current user request","userId":"68e38b6572b22843edea091f"}
{"timestamp":"2025-12-04T16:20:53.802Z","level":"INFO","message":"Get current user request","userId":"68e38b6572b22843edea091f"}
{"timestamp":"2025-12-04T16:21:33.072Z","level":"INFO","message":"Get current user request","userId":"68e38b6572b22843edea091f"}
{"timestamp":"2025-12-04T16:21:33.220Z","level":"INFO","message":"Get current user request","userId":"68e38b6572b22843edea091f"}
{"timestamp":"2025-12-04T16:21:52.704Z","level":"INFO","message":"Login attempt","email":"s***@gmail.com"}
{"timestamp":"2025-12-04T16:21:53.018Z","level":"INFO","message":"Authentication Event","event":"LOGIN_SUCCESS","userId":"68e38b6572b22843edea091f","userRole":"student","ip":"127.0.0.1","userEmail":"s***@gmail.com"}
{"timestamp":"2025-12-04T16:21:53.022Z","level":"INFO","message":"Login successful","userId":"68e38b6572b22843edea091f","email":"s***@gmail.com","role":"student"}
{"timestamp":"2025-12-04T16:22:07.144Z","level":"INFO","message":"Get current user request","userId":"68e38b6572b22843edea091f"}
{"timestamp":"2025-12-04T16:22:07.292Z","level":"INFO","message":"Get current user request","userId":"68e38b6572b22843edea091f"}
{"timestamp":"2025-12-04T16:23:57.732Z","level":"INFO","message":"Get current user request","userId":"68e38b6572b22843edea091f"}
{"timestamp":"2025-12-04T16:23:57.912Z","level":"INFO","message":"Get current user request","userId":"68e38b6572b22843edea091f"}
{"timestamp":"2025-12-04T16:24:20.138Z","level":"INFO","message":"Get current user request","userId":"68e38b6572b22843edea091f"}
{"timestamp":"2025-12-04T16:24:20.285Z","level":"INFO","message":"Get current user request","userId":"68e38b6572b22843edea091f"}
{"timestamp":"2025-12-04T16:24:24.053Z","level":"INFO","message":"Get current user request","userId":"68e38b6572b22843edea091f"}
{"timestamp":"2025-12-04T16:24:24.190Z","level":"INFO","message":"Get current user request","userId":"68e38b6572b22843edea091f"}
